<?xml version="1.0" encoding="UTF-8"?>
<coverage generated="1781533378933" clover="3.2.0">
  <project timestamp="1781533378933" name="All files">
    <metrics statements="415" coveredstatements="308" conditionals="202" coveredconditionals="118" methods="91" coveredmethods="75" elements="708" coveredelements="501" complexity="0" loc="415" ncloc="415" packages="2" files="8" classes="8"/>
    <package name="lib">
      <metrics statements="122" coveredstatements="73" conditionals="46" coveredconditionals="21" methods="30" coveredmethods="20"/>
      <file name="actions.ts" path="/Users/josephbiondo/NonSync/Power Modeling Tool/lib/actions.ts">
        <metrics statements="122" coveredstatements="73" conditionals="46" coveredconditionals="21" methods="30" coveredmethods="20"/>
        <line num="1" count="3" type="stmt"/>
        <line num="8" count="0" type="stmt"/>
        <line num="9" count="0" type="stmt"/>
        <line num="10" count="0" type="stmt"/>
        <line num="12" count="0" type="cond" truecount="0" falsecount="2"/>
        <line num="16" count="0" type="cond" truecount="0" falsecount="2"/>
        <line num="18" count="0" type="stmt"/>
        <line num="26" count="0" type="cond" truecount="0" falsecount="2"/>
        <line num="28" count="0" type="stmt"/>
        <line num="36" count="0" type="stmt"/>
        <line num="39" count="0" type="stmt"/>
        <line num="48" count="0" type="stmt"/>
        <line num="61" count="0" type="stmt"/>
        <line num="100" count="0" type="stmt"/>
        <line num="101" count="0" type="stmt"/>
        <line num="111" count="2" type="stmt"/>
        <line num="118" count="2" type="stmt"/>
        <line num="119" count="2" type="cond" truecount="2" falsecount="0"/>
        <line num="120" count="1" type="stmt"/>
        <line num="131" count="2" type="stmt"/>
        <line num="132" count="2" type="cond" truecount="2" falsecount="0"/>
        <line num="133" count="1" type="stmt"/>
        <line num="136" count="1" type="stmt"/>
        <line num="147" count="1" type="stmt"/>
        <line num="148" count="1" type="cond" truecount="1" falsecount="1"/>
        <line num="149" count="1" type="stmt"/>
        <line num="154" count="1" type="stmt"/>
        <line num="155" count="1" type="cond" truecount="1" falsecount="1"/>
        <line num="156" count="1" type="stmt"/>
        <line num="157" count="1" type="stmt"/>
        <line num="158" count="1" type="cond" truecount="1" falsecount="1"/>
        <line num="159" count="1" type="stmt"/>
        <line num="176" count="1" type="stmt"/>
        <line num="177" count="1" type="stmt"/>
        <line num="178" count="1" type="stmt"/>
        <line num="191" count="1" type="stmt"/>
        <line num="195" count="1" type="stmt"/>
        <line num="199" count="1" type="stmt"/>
        <line num="200" count="1" type="stmt"/>
        <line num="201" count="1" type="stmt"/>
        <line num="203" count="0" type="stmt"/>
        <line num="204" count="0" type="stmt"/>
        <line num="209" count="9" type="stmt"/>
        <line num="210" count="9" type="stmt"/>
        <line num="211" count="9" type="stmt"/>
        <line num="213" count="9" type="stmt"/>
        <line num="214" count="14" type="stmt"/>
        <line num="215" count="14" type="stmt"/>
        <line num="220" count="14" type="cond" truecount="2" falsecount="0"/>
        <line num="221" count="2" type="stmt"/>
        <line num="222" count="2" type="stmt"/>
        <line num="223" count="2" type="stmt"/>
        <line num="226" count="12" type="cond" truecount="2" falsecount="0"/>
        <line num="227" count="3" type="stmt"/>
        <line num="228" count="3" type="stmt"/>
        <line num="229" count="3" type="stmt"/>
        <line num="232" count="9" type="stmt"/>
        <line num="233" count="8" type="stmt"/>
        <line num="235" count="1" type="stmt"/>
        <line num="236" count="1" type="stmt"/>
        <line num="237" count="1" type="stmt"/>
        <line num="241" count="9" type="stmt"/>
        <line num="242" count="9" type="stmt"/>
        <line num="258" count="0" type="stmt"/>
        <line num="263" count="0" type="stmt"/>
        <line num="273" count="0" type="stmt"/>
        <line num="278" count="0" type="cond" truecount="0" falsecount="2"/>
        <line num="281" count="0" type="stmt"/>
        <line num="282" count="0" type="cond" truecount="0" falsecount="2"/>
        <line num="283" count="0" type="stmt"/>
        <line num="288" count="0" type="stmt"/>
        <line num="298" count="0" type="stmt"/>
        <line num="299" count="0" type="cond" truecount="0" falsecount="2"/>
        <line num="300" count="0" type="stmt"/>
        <line num="305" count="0" type="stmt"/>
        <line num="314" count="0" type="stmt"/>
        <line num="318" count="0" type="stmt"/>
        <line num="319" count="0" type="stmt"/>
        <line num="323" count="0" type="cond" truecount="0" falsecount="2"/>
        <line num="324" count="0" type="stmt"/>
        <line num="328" count="0" type="stmt"/>
        <line num="330" count="0" type="stmt"/>
        <line num="331" count="0" type="stmt"/>
        <line num="333" count="0" type="stmt"/>
        <line num="334" count="0" type="stmt"/>
        <line num="339" count="0" type="stmt"/>
        <line num="340" count="0" type="stmt"/>
        <line num="342" count="0" type="stmt"/>
        <line num="343" count="0" type="stmt"/>
        <line num="344" count="0" type="cond" truecount="0" falsecount="2"/>
        <line num="345" count="0" type="stmt"/>
        <line num="346" count="0" type="stmt"/>
        <line num="350" count="0" type="stmt"/>
        <line num="351" count="0" type="stmt"/>
        <line num="353" count="0" type="stmt"/>
        <line num="354" count="0" type="stmt"/>
        <line num="421" count="8" type="stmt"/>
        <line num="422" count="8" type="stmt"/>
        <line num="430" count="7" type="cond" truecount="2" falsecount="0"/>
        <line num="431" count="1" type="stmt"/>
        <line num="435" count="6" type="stmt"/>
        <line num="436" count="6" type="stmt"/>
        <line num="441" count="6" type="stmt"/>
        <line num="442" count="6" type="cond" truecount="2" falsecount="0"/>
        <line num="448" count="8" type="stmt"/>
        <line num="459" count="6" type="stmt"/>
        <line num="476" count="12" type="stmt"/>
        <line num="480" count="3" type="stmt"/>
        <line num="493" count="3" type="stmt"/>
        <line num="511" count="1" type="stmt"/>
        <line num="512" count="1" type="stmt"/>
        <line num="580" count="10" type="stmt"/>
        <line num="581" count="10" type="stmt"/>
        <line num="582" count="9" type="stmt"/>
        <line num="594" count="9" type="stmt"/>
        <line num="599" count="7" type="stmt"/>
        <line num="614" count="8" type="stmt"/>
        <line num="621" count="9" type="stmt"/>
        <line num="637" count="9" type="stmt"/>
        <line num="650" count="8" type="stmt"/>
        <line num="658" count="1" type="stmt"/>
        <line num="659" count="1" type="stmt"/>
      </file>
    </package>
    <package name="lib.engine">
      <metrics statements="293" coveredstatements="235" conditionals="156" coveredconditionals="97" methods="61" coveredmethods="55"/>
      <file name="aggregator.ts" path="/Users/josephbiondo/NonSync/Power Modeling Tool/lib/engine/aggregator.ts">
        <metrics statements="50" coveredstatements="50" conditionals="34" coveredconditionals="26" methods="12" coveredmethods="12"/>
        <line num="58" count="12" type="stmt"/>
        <line num="61" count="12" type="cond" truecount="2" falsecount="0"/>
        <line num="62" count="14" type="cond" truecount="2" falsecount="0"/>
        <line num="65" count="12" type="cond" truecount="1" falsecount="1"/>
        <line num="66" count="12" type="cond" truecount="1" falsecount="1"/>
        <line num="69" count="12" type="cond" truecount="1" falsecount="1"/>
        <line num="70" count="12" type="cond" truecount="1" falsecount="1"/>
        <line num="74" count="12" type="stmt"/>
        <line num="77" count="12" type="stmt"/>
        <line num="80" count="12" type="stmt"/>
        <line num="82" count="12" type="stmt"/>
        <line num="83" count="49" type="stmt"/>
        <line num="86" count="49" type="cond" truecount="4" falsecount="0"/>
        <line num="87" count="1" type="stmt"/>
        <line num="91" count="49" type="stmt"/>
        <line num="92" count="49" type="stmt"/>
        <line num="93" count="49" type="stmt"/>
        <line num="94" count="49" type="stmt"/>
        <line num="96" count="49" type="stmt"/>
        <line num="97" count="95" type="stmt"/>
        <line num="98" count="37" type="cond" truecount="1" falsecount="1"/>
        <line num="99" count="37" type="stmt"/>
        <line num="100" count="37" type="stmt"/>
        <line num="103" count="37" type="cond" truecount="1" falsecount="1"/>
        <line num="104" count="37" type="cond" truecount="2" falsecount="0"/>
        <line num="108" count="37" type="cond" truecount="1" falsecount="1"/>
        <line num="109" count="37" type="cond" truecount="1" falsecount="1"/>
        <line num="110" count="37" type="stmt"/>
        <line num="112" count="37" type="stmt"/>
        <line num="113" count="37" type="cond" truecount="2" falsecount="0"/>
        <line num="114" count="9" type="stmt"/>
        <line num="116" count="37" type="stmt"/>
        <line num="122" count="49" type="stmt"/>
        <line num="127" count="49" type="stmt"/>
        <line num="128" count="49" type="stmt"/>
        <line num="131" count="49" type="stmt"/>
        <line num="134" count="49" type="stmt"/>
        <line num="135" count="49" type="stmt"/>
        <line num="139" count="49" type="stmt"/>
        <line num="142" count="49" type="stmt"/>
        <line num="143" count="49" type="stmt"/>
        <line num="145" count="49" type="stmt"/>
        <line num="171" count="2" type="cond" truecount="2" falsecount="0"/>
        <line num="172" count="1" type="stmt"/>
        <line num="181" count="1" type="stmt"/>
        <line num="182" count="4" type="stmt"/>
        <line num="183" count="4" type="stmt"/>
        <line num="184" count="4" type="stmt"/>
        <line num="185" count="4" type="stmt"/>
        <line num="186" count="4" type="cond" truecount="2" falsecount="0"/>
      </file>
      <file name="capacity.ts" path="/Users/josephbiondo/NonSync/Power Modeling Tool/lib/engine/capacity.ts">
        <metrics statements="62" coveredstatements="56" conditionals="44" coveredconditionals="34" methods="8" coveredmethods="7"/>
        <line num="35" count="5" type="stmt"/>
        <line num="36" count="5" type="stmt"/>
        <line num="37" count="5" type="cond" truecount="1" falsecount="1"/>
        <line num="40" count="5" type="cond" truecount="1" falsecount="1"/>
        <line num="41" count="5" type="stmt"/>
        <line num="42" count="5" type="stmt"/>
        <line num="44" count="5" type="stmt"/>
        <line num="45" count="11" type="stmt"/>
        <line num="46" count="11" type="cond" truecount="2" falsecount="0"/>
        <line num="47" count="5" type="stmt"/>
        <line num="48" count="5" type="stmt"/>
        <line num="50" count="11" type="cond" truecount="2" falsecount="0"/>
        <line num="51" count="1" type="stmt"/>
        <line num="53" count="11" type="stmt"/>
        <line num="56" count="5" type="stmt"/>
        <line num="57" count="5" type="stmt"/>
        <line num="70" count="5" type="cond" truecount="1" falsecount="1"/>
        <line num="71" count="5" type="stmt"/>
        <line num="72" count="5" type="stmt"/>
        <line num="74" count="5" type="stmt"/>
        <line num="75" count="11" type="stmt"/>
        <line num="76" count="11" type="cond" truecount="1" falsecount="1"/>
        <line num="77" count="0" type="stmt"/>
        <line num="79" count="11" type="stmt"/>
        <line num="82" count="5" type="stmt"/>
        <line num="83" count="5" type="stmt"/>
        <line num="96" count="5" type="stmt"/>
        <line num="97" count="5" type="cond" truecount="2" falsecount="0"/>
        <line num="98" count="3" type="stmt"/>
        <line num="99" count="3" type="stmt"/>
        <line num="101" count="3" type="stmt"/>
        <line num="102" count="3" type="stmt"/>
        <line num="103" count="3" type="stmt"/>
        <line num="104" count="3" type="cond" truecount="1" falsecount="1"/>
        <line num="105" count="0" type="stmt"/>
        <line num="107" count="3" type="stmt"/>
        <line num="110" count="3" type="stmt"/>
        <line num="111" count="3" type="stmt"/>
        <line num="124" count="5" type="cond" truecount="2" falsecount="0"/>
        <line num="125" count="3" type="stmt"/>
        <line num="127" count="3" type="stmt"/>
        <line num="129" count="3" type="cond" truecount="1" falsecount="1"/>
        <line num="131" count="0" type="stmt"/>
        <line num="132" count="0" type="cond" truecount="0" falsecount="2"/>
        <line num="136" count="3" type="stmt"/>
        <line num="149" count="16" type="stmt"/>
        <line num="150" count="16" type="stmt"/>
        <line num="151" count="5" type="cond" truecount="4" falsecount="0"/>
        <line num="153" count="5" type="stmt"/>
        <line num="173" count="2" type="stmt"/>
        <line num="176" count="2" type="stmt"/>
        <line num="177" count="2" type="cond" truecount="4" falsecount="0"/>
        <line num="178" count="1" type="stmt"/>
        <line num="182" count="2" type="stmt"/>
        <line num="183" count="2" type="cond" truecount="3" falsecount="1"/>
        <line num="184" count="0" type="stmt"/>
        <line num="188" count="2" type="cond" truecount="3" falsecount="1"/>
        <line num="189" count="0" type="stmt"/>
        <line num="192" count="2" type="stmt"/>
        <line num="203" count="16" type="cond" truecount="2" falsecount="0"/>
        <line num="204" count="15" type="cond" truecount="2" falsecount="0"/>
        <line num="205" count="14" type="stmt"/>
      </file>
      <file name="project.ts" path="/Users/josephbiondo/NonSync/Power Modeling Tool/lib/engine/project.ts">
        <metrics statements="45" coveredstatements="27" conditionals="30" coveredconditionals="6" methods="8" coveredmethods="7"/>
        <line num="32" count="2" type="stmt"/>
        <line num="41" count="2" type="stmt"/>
        <line num="42" count="4" type="stmt"/>
        <line num="43" count="4" type="stmt"/>
        <line num="44" count="4" type="cond" truecount="2" falsecount="0"/>
        <line num="46" count="4" type="cond" truecount="2" falsecount="0"/>
        <line num="47" count="3" type="stmt"/>
        <line num="57" count="4" type="stmt"/>
        <line num="58" count="4" type="stmt"/>
        <line num="59" count="4" type="stmt"/>
        <line num="60" count="4" type="stmt"/>
        <line num="63" count="2" type="stmt"/>
        <line num="65" count="2" type="stmt"/>
        <line num="66" count="3" type="stmt"/>
        <line num="67" count="4" type="stmt"/>
        <line num="71" count="3" type="stmt"/>
        <line num="72" count="4" type="stmt"/>
        <line num="76" count="3" type="stmt"/>
        <line num="77" count="4" type="stmt"/>
        <line num="78" count="4" type="stmt"/>
        <line num="80" count="3" type="stmt"/>
        <line num="81" count="4" type="stmt"/>
        <line num="82" count="4" type="stmt"/>
        <line num="85" count="3" type="cond" truecount="1" falsecount="1"/>
        <line num="86" count="3" type="cond" truecount="1" falsecount="1"/>
        <line num="88" count="3" type="stmt"/>
        <line num="101" count="2" type="stmt"/>
        <line num="116" count="0" type="cond" truecount="0" falsecount="4"/>
        <line num="122" count="0" type="stmt"/>
        <line num="123" count="0" type="cond" truecount="0" falsecount="2"/>
        <line num="124" count="0" type="stmt"/>
        <line num="128" count="0" type="stmt"/>
        <line num="129" count="0" type="stmt"/>
        <line num="131" count="0" type="cond" truecount="0" falsecount="2"/>
        <line num="132" count="0" type="stmt"/>
        <line num="137" count="0" type="stmt"/>
        <line num="140" count="0" type="cond" truecount="0" falsecount="2"/>
        <line num="141" count="0" type="stmt"/>
        <line num="142" count="0" type="cond" truecount="0" falsecount="2"/>
        <line num="143" count="0" type="stmt"/>
        <line num="147" count="0" type="cond" truecount="0" falsecount="4"/>
        <line num="148" count="0" type="stmt"/>
        <line num="149" count="0" type="cond" truecount="0" falsecount="4"/>
        <line num="150" count="0" type="cond" truecount="0" falsecount="2"/>
        <line num="153" count="0" type="stmt"/>
      </file>
      <file name="projector.ts" path="/Users/josephbiondo/NonSync/Power Modeling Tool/lib/engine/projector.ts">
        <metrics statements="13" coveredstatements="13" conditionals="12" coveredconditionals="10" methods="2" coveredmethods="2"/>
        <line num="31" count="13" type="stmt"/>
        <line num="34" count="13" type="stmt"/>
        <line num="35" count="13" type="cond" truecount="2" falsecount="0"/>
        <line num="39" count="13" type="stmt"/>
        <line num="40" count="69" type="stmt"/>
        <line num="41" count="69" type="cond" truecount="2" falsecount="0"/>
        <line num="44" count="69" type="stmt"/>
        <line num="47" count="69" type="cond" truecount="2" falsecount="0"/>
        <line num="53" count="69" type="stmt"/>
        <line num="57" count="69" type="cond" truecount="2" falsecount="0"/>
        <line num="60" count="69" type="stmt"/>
        <line num="63" count="69" type="cond" truecount="1" falsecount="1"/>
        <line num="65" count="69" type="stmt"/>
      </file>
      <file name="time.ts" path="/Users/josephbiondo/NonSync/Power Modeling Tool/lib/engine/time.ts">
        <metrics statements="19" coveredstatements="19" conditionals="4" coveredconditionals="4" methods="7" coveredmethods="7"/>
        <line num="9" count="248" type="stmt"/>
        <line num="10" count="248" type="stmt"/>
        <line num="11" count="248" type="cond" truecount="2" falsecount="0"/>
        <line num="12" count="3" type="stmt"/>
        <line num="14" count="245" type="stmt"/>
        <line num="21" count="149" type="stmt"/>
        <line num="25" count="190" type="cond" truecount="2" falsecount="0"/>
        <line num="26" count="190" type="stmt"/>
        <line num="30" count="147" type="stmt"/>
        <line num="31" count="147" type="stmt"/>
        <line num="32" count="147" type="stmt"/>
        <line num="36" count="3" type="stmt"/>
        <line num="40" count="3" type="stmt"/>
        <line num="44" count="32" type="stmt"/>
        <line num="45" count="32" type="stmt"/>
        <line num="46" count="32" type="stmt"/>
        <line num="47" count="32" type="stmt"/>
        <line num="48" count="142" type="stmt"/>
        <line num="50" count="32" type="stmt"/>
      </file>
      <file name="timeline.ts" path="/Users/josephbiondo/NonSync/Power Modeling Tool/lib/engine/timeline.ts">
        <metrics statements="36" coveredstatements="25" conditionals="10" coveredconditionals="8" methods="4" coveredmethods="4"/>
        <line num="33" count="1" type="stmt"/>
        <line num="47" count="4" type="stmt"/>
        <line num="48" count="4" type="stmt"/>
        <line num="49" count="4" type="stmt"/>
        <line num="51" count="4" type="stmt"/>
        <line num="52" count="7" type="stmt"/>
        <line num="53" count="7" type="cond" truecount="2" falsecount="0"/>
        <line num="57" count="7" type="stmt"/>
        <line num="72" count="7" type="stmt"/>
        <line num="74" count="7" type="cond" truecount="1" falsecount="1"/>
        <line num="75" count="7" type="cond" truecount="2" falsecount="0"/>
        <line num="76" count="5" type="stmt"/>
        <line num="78" count="7" type="stmt"/>
        <line num="81" count="4" type="stmt"/>
        <line num="82" count="4" type="stmt"/>
        <line num="84" count="4" type="stmt"/>
        <line num="85" count="5" type="stmt"/>
        <line num="86" count="2" type="stmt"/>
        <line num="89" count="5" type="stmt"/>
        <line num="90" count="5" type="stmt"/>
        <line num="91" count="7" type="stmt"/>
        <line num="92" count="7" type="stmt"/>
        <line num="95" count="5" type="stmt"/>
        <line num="101" count="5" type="stmt"/>
        <line num="104" count="4" type="stmt"/>
        <line num="118" count="0" type="stmt"/>
        <line num="119" count="0" type="stmt"/>
        <line num="121" count="0" type="stmt"/>
        <line num="122" count="0" type="stmt"/>
        <line num="124" count="0" type="stmt"/>
        <line num="132" count="0" type="stmt"/>
        <line num="133" count="0" type="stmt"/>
        <line num="134" count="0" type="stmt"/>
        <line num="136" count="0" type="stmt"/>
        <line num="137" count="0" type="stmt"/>
        <line num="139" count="0" type="stmt"/>
      </file>
      <file name="whatif.ts" path="/Users/josephbiondo/NonSync/Power Modeling Tool/lib/engine/whatif.ts">
        <metrics statements="68" coveredstatements="45" conditionals="22" coveredconditionals="9" methods="20" coveredmethods="16"/>
        <line num="59" count="2" type="stmt"/>
        <line num="60" count="2" type="stmt"/>
        <line num="62" count="2" type="stmt"/>
        <line num="63" count="2" type="cond" truecount="1" falsecount="4"/>
        <line num="65" count="2" type="stmt"/>
        <line num="66" count="2" type="stmt"/>
        <line num="68" count="0" type="stmt"/>
        <line num="69" count="0" type="stmt"/>
        <line num="71" count="0" type="stmt"/>
        <line num="72" count="0" type="stmt"/>
        <line num="74" count="0" type="stmt"/>
        <line num="75" count="0" type="stmt"/>
        <line num="77" count="0" type="stmt"/>
        <line num="78" count="0" type="stmt"/>
        <line num="82" count="2" type="stmt"/>
        <line num="83" count="2" type="stmt"/>
        <line num="85" count="2" type="stmt"/>
        <line num="86" count="2" type="stmt"/>
        <line num="87" count="2" type="stmt"/>
        <line num="88" count="2" type="stmt"/>
        <line num="90" count="2" type="stmt"/>
        <line num="91" count="2" type="stmt"/>
        <line num="92" count="2" type="stmt"/>
        <line num="94" count="2" type="stmt"/>
        <line num="95" count="2" type="stmt"/>
        <line num="97" count="8" type="stmt"/>
        <line num="98" count="2" type="stmt"/>
        <line num="99" count="8" type="stmt"/>
        <line num="100" count="8" type="stmt"/>
        <line num="102" count="2" type="stmt"/>
        <line num="103" count="4" type="cond" truecount="1" falsecount="1"/>
        <line num="104" count="0" type="stmt"/>
        <line num="109" count="2" type="stmt"/>
        <line num="111" count="2" type="stmt"/>
        <line num="134" count="1" type="stmt"/>
        <line num="135" count="1" type="stmt"/>
        <line num="137" count="1" type="stmt"/>
        <line num="138" count="3" type="cond" truecount="2" falsecount="0"/>
        <line num="139" count="2" type="cond" truecount="1" falsecount="1"/>
        <line num="141" count="2" type="stmt"/>
        <line num="142" count="2" type="stmt"/>
        <line num="144" count="2" type="cond" truecount="3" falsecount="0"/>
        <line num="152" count="2" type="stmt"/>
        <line num="153" count="2" type="cond" truecount="1" falsecount="1"/>
        <line num="154" count="2" type="stmt"/>
        <line num="165" count="0" type="stmt"/>
        <line num="166" count="0" type="stmt"/>
        <line num="167" count="0" type="cond" truecount="0" falsecount="2"/>
        <line num="168" count="0" type="stmt"/>
        <line num="177" count="0" type="stmt"/>
        <line num="178" count="0" type="stmt"/>
        <line num="186" count="0" type="stmt"/>
        <line num="187" count="0" type="cond" truecount="0" falsecount="2"/>
        <line num="188" count="0" type="stmt"/>
        <line num="189" count="0" type="stmt"/>
        <line num="191" count="0" type="stmt"/>
        <line num="206" count="0" type="stmt"/>
        <line num="207" count="0" type="cond" truecount="0" falsecount="2"/>
        <line num="208" count="0" type="stmt"/>
        <line num="217" count="2" type="stmt"/>
        <line num="218" count="2" type="stmt"/>
        <line num="219" count="2" type="stmt"/>
        <line num="221" count="2" type="stmt"/>
        <line num="222" count="2" type="stmt"/>
        <line num="223" count="8" type="stmt"/>
        <line num="224" count="8" type="stmt"/>
        <line num="225" count="8" type="stmt"/>
        <line num="228" count="2" type="stmt"/>
      </file>
    </package>
  </project>
</coverage>
