{"/Users/josephbiondo/NonSync/Power Modeling Tool/lib/actions.ts": {"path":"/Users/josephbiondo/NonSync/Power Modeling Tool/lib/actions.ts","statementMap":{"0":{"start":{"line":1,"column":0},"end":{"line":1,"column":null}},"1":{"start":{"line":8,"column":17},"end":{"line":8,"column":37}},"2":{"start":{"line":9,"column":24},"end":{"line":9,"column":51}},"3":{"start":{"line":10,"column":24},"end":{"line":10,"column":51}},"4":{"start":{"line":12,"column":4},"end":{"line":12,"column":null}},"5":{"start":{"line":12,"column":15},"end":{"line":12,"column":null}},"6":{"start":{"line":16,"column":4},"end":{"line":97,"column":null}},"7":{"start":{"line":18,"column":23},"end":{"line":24,"column":10}},"8":{"start":{"line":26,"column":8},"end":{"line":26,"column":null}},"9":{"start":{"line":26,"column":21},"end":{"line":26,"column":null}},"10":{"start":{"line":28,"column":8},"end":{"line":59,"column":null}},"11":{"start":{"line":36,"column":57},"end":{"line":36,"column":89}},"12":{"start":{"line":39,"column":51},"end":{"line":56,"column":23}},"13":{"start":{"line":48,"column":59},"end":{"line":54,"column":31}},"14":{"start":{"line":61,"column":8},"end":{"line":97,"column":null}},"15":{"start":{"line":100,"column":4},"end":{"line":100,"column":null}},"16":{"start":{"line":101,"column":4},"end":{"line":101,"column":null}},"17":{"start":{"line":111,"column":4},"end":{"line":116,"column":null}},"18":{"start":{"line":118,"column":17},"end":{"line":118,"column":72}},"19":{"start":{"line":119,"column":4},"end":{"line":120,"column":null}},"20":{"start":{"line":120,"column":8},"end":{"line":120,"column":null}},"21":{"start":{"line":131,"column":17},"end":{"line":131,"column":68}},"22":{"start":{"line":132,"column":4},"end":{"line":133,"column":null}},"23":{"start":{"line":133,"column":8},"end":{"line":133,"column":null}},"24":{"start":{"line":136,"column":4},"end":{"line":145,"column":null}},"25":{"start":{"line":147,"column":17},"end":{"line":147,"column":77}},"26":{"start":{"line":148,"column":4},"end":{"line":149,"column":null}},"27":{"start":{"line":149,"column":8},"end":{"line":149,"column":null}},"28":{"start":{"line":154,"column":17},"end":{"line":154,"column":68}},"29":{"start":{"line":155,"column":4},"end":{"line":159,"column":null}},"30":{"start":{"line":156,"column":21},"end":{"line":156,"column":81}},"31":{"start":{"line":157,"column":8},"end":{"line":157,"column":null}},"32":{"start":{"line":158,"column":8},"end":{"line":159,"column":null}},"33":{"start":{"line":159,"column":12},"end":{"line":159,"column":null}},"34":{"start":{"line":176,"column":4},"end":{"line":176,"column":null}},"35":{"start":{"line":177,"column":4},"end":{"line":177,"column":null}},"36":{"start":{"line":178,"column":4},"end":{"line":178,"column":null}},"37":{"start":{"line":191,"column":4},"end":{"line":194,"column":null}},"38":{"start":{"line":195,"column":4},"end":{"line":195,"column":null}},"39":{"start":{"line":199,"column":4},"end":{"line":204,"column":null}},"40":{"start":{"line":200,"column":8},"end":{"line":200,"column":null}},"41":{"start":{"line":201,"column":8},"end":{"line":201,"column":null}},"42":{"start":{"line":203,"column":8},"end":{"line":203,"column":null}},"43":{"start":{"line":204,"column":8},"end":{"line":204,"column":null}},"44":{"start":{"line":209,"column":23},"end":{"line":209,"column":null}},"45":{"start":{"line":210,"column":22},"end":{"line":210,"column":null}},"46":{"start":{"line":211,"column":29},"end":{"line":211,"column":31}},"47":{"start":{"line":213,"column":4},"end":{"line":237,"column":null}},"48":{"start":{"line":214,"column":8},"end":{"line":237,"column":null}},"49":{"start":{"line":215,"column":25},"end":{"line":218,"column":14}},"50":{"start":{"line":220,"column":12},"end":{"line":223,"column":null}},"51":{"start":{"line":221,"column":16},"end":{"line":221,"column":null}},"52":{"start":{"line":222,"column":16},"end":{"line":222,"column":null}},"53":{"start":{"line":223,"column":16},"end":{"line":223,"column":null}},"54":{"start":{"line":226,"column":12},"end":{"line":229,"column":null}},"55":{"start":{"line":227,"column":16},"end":{"line":227,"column":null}},"56":{"start":{"line":228,"column":16},"end":{"line":228,"column":null}},"57":{"start":{"line":229,"column":16},"end":{"line":229,"column":null}},"58":{"start":{"line":232,"column":12},"end":{"line":232,"column":null}},"59":{"start":{"line":233,"column":12},"end":{"line":233,"column":null}},"60":{"start":{"line":235,"column":12},"end":{"line":235,"column":null}},"61":{"start":{"line":236,"column":12},"end":{"line":236,"column":null}},"62":{"start":{"line":237,"column":12},"end":{"line":237,"column":null}},"63":{"start":{"line":241,"column":4},"end":{"line":241,"column":null}},"64":{"start":{"line":242,"column":4},"end":{"line":242,"column":null}},"65":{"start":{"line":258,"column":17},"end":{"line":261,"column":6}},"66":{"start":{"line":263,"column":4},"end":{"line":263,"column":null}},"67":{"start":{"line":273,"column":21},"end":{"line":276,"column":6}},"68":{"start":{"line":278,"column":4},"end":{"line":278,"column":null}},"69":{"start":{"line":278,"column":19},"end":{"line":278,"column":null}},"70":{"start":{"line":281,"column":30},"end":{"line":281,"column":90}},"71":{"start":{"line":281,"column":61},"end":{"line":281,"column":90}},"72":{"start":{"line":282,"column":4},"end":{"line":294,"column":null}},"73":{"start":{"line":283,"column":8},"end":{"line":286,"column":null}},"74":{"start":{"line":288,"column":8},"end":{"line":294,"column":null}},"75":{"start":{"line":298,"column":32},"end":{"line":298,"column":90}},"76":{"start":{"line":298,"column":63},"end":{"line":298,"column":90}},"77":{"start":{"line":299,"column":4},"end":{"line":311,"column":null}},"78":{"start":{"line":300,"column":8},"end":{"line":303,"column":null}},"79":{"start":{"line":305,"column":8},"end":{"line":311,"column":null}},"80":{"start":{"line":314,"column":4},"end":{"line":314,"column":null}},"81":{"start":{"line":318,"column":4},"end":{"line":334,"column":null}},"82":{"start":{"line":319,"column":25},"end":{"line":321,"column":10}},"83":{"start":{"line":323,"column":8},"end":{"line":324,"column":null}},"84":{"start":{"line":324,"column":12},"end":{"line":324,"column":null}},"85":{"start":{"line":328,"column":8},"end":{"line":328,"column":null}},"86":{"start":{"line":330,"column":8},"end":{"line":330,"column":null}},"87":{"start":{"line":331,"column":8},"end":{"line":331,"column":null}},"88":{"start":{"line":333,"column":8},"end":{"line":333,"column":null}},"89":{"start":{"line":334,"column":8},"end":{"line":334,"column":null}},"90":{"start":{"line":339,"column":4},"end":{"line":354,"column":null}},"91":{"start":{"line":340,"column":27},"end":{"line":340,"column":null}},"92":{"start":{"line":342,"column":8},"end":{"line":346,"column":null}},"93":{"start":{"line":343,"column":29},"end":{"line":343,"column":80}},"94":{"start":{"line":344,"column":12},"end":{"line":346,"column":null}},"95":{"start":{"line":345,"column":16},"end":{"line":345,"column":null}},"96":{"start":{"line":346,"column":16},"end":{"line":346,"column":null}},"97":{"start":{"line":350,"column":8},"end":{"line":350,"column":null}},"98":{"start":{"line":351,"column":8},"end":{"line":351,"column":null}},"99":{"start":{"line":353,"column":8},"end":{"line":353,"column":null}},"100":{"start":{"line":354,"column":8},"end":{"line":354,"column":null}},"101":{"start":{"line":421,"column":4},"end":{"line":512,"column":null}},"102":{"start":{"line":422,"column":25},"end":{"line":428,"column":10}},"103":{"start":{"line":430,"column":8},"end":{"line":431,"column":null}},"104":{"start":{"line":431,"column":12},"end":{"line":431,"column":null}},"105":{"start":{"line":435,"column":24},"end":{"line":435,"column":53}},"106":{"start":{"line":435,"column":48},"end":{"line":435,"column":53}},"107":{"start":{"line":436,"column":26},"end":{"line":438,"column":10}},"108":{"start":{"line":441,"column":31},"end":{"line":441,"column":82}},"109":{"start":{"line":441,"column":63},"end":{"line":441,"column":80}},"110":{"start":{"line":442,"column":29},"end":{"line":446,"column":16}},"111":{"start":{"line":448,"column":8},"end":{"line":509,"column":null}},"112":{"start":{"line":459,"column":48},"end":{"line":475,"column":19}},"113":{"start":{"line":476,"column":60},"end":{"line":479,"column":19}},"114":{"start":{"line":480,"column":48},"end":{"line":492,"column":19}},"115":{"start":{"line":493,"column":54},"end":{"line":507,"column":null}},"116":{"start":{"line":511,"column":8},"end":{"line":511,"column":null}},"117":{"start":{"line":512,"column":8},"end":{"line":512,"column":null}},"118":{"start":{"line":580,"column":4},"end":{"line":659,"column":null}},"119":{"start":{"line":581,"column":29},"end":{"line":581,"column":64}},"120":{"start":{"line":582,"column":26},"end":{"line":592,"column":10}},"121":{"start":{"line":594,"column":8},"end":{"line":656,"column":null}},"122":{"start":{"line":599,"column":54},"end":{"line":613,"column":19}},"123":{"start":{"line":614,"column":47},"end":{"line":654,"column":null}},"124":{"start":{"line":621,"column":48},"end":{"line":649,"column":23}},"125":{"start":{"line":637,"column":61},"end":{"line":648,"column":null}},"126":{"start":{"line":650,"column":57},"end":{"line":653,"column":null}},"127":{"start":{"line":658,"column":8},"end":{"line":658,"column":null}},"128":{"start":{"line":659,"column":8},"end":{"line":659,"column":null}}},"fnMap":{"0":{"name":"createScenario","decl":{"start":{"line":7,"column":22},"end":{"line":7,"column":37}},"loc":{"start":{"line":7,"column":57},"end":{"line":101,"column":null}},"line":7},"1":{"name":"(anonymous_1)","decl":{"start":{"line":36,"column":47},"end":{"line":36,"column":51}},"loc":{"start":{"line":36,"column":57},"end":{"line":36,"column":89}},"line":36},"2":{"name":"(anonymous_2)","decl":{"start":{"line":39,"column":41},"end":{"line":39,"column":45}},"loc":{"start":{"line":39,"column":51},"end":{"line":56,"column":23}},"line":39},"3":{"name":"(anonymous_3)","decl":{"start":{"line":48,"column":48},"end":{"line":48,"column":52}},"loc":{"start":{"line":48,"column":59},"end":{"line":54,"column":31}},"line":48},"4":{"name":"addLineItem","decl":{"start":{"line":104,"column":22},"end":{"line":104,"column":34}},"loc":{"start":{"line":110,"column":3},"end":{"line":120,"column":null}},"line":110},"5":{"name":"updateLineItem","decl":{"start":{"line":124,"column":22},"end":{"line":124,"column":37}},"loc":{"start":{"line":130,"column":3},"end":{"line":149,"column":null}},"line":130},"6":{"name":"deleteLineItem","decl":{"start":{"line":153,"column":22},"end":{"line":153,"column":37}},"loc":{"start":{"line":153,"column":49},"end":{"line":159,"column":null}},"line":153},"7":{"name":"createCatalogItem","decl":{"start":{"line":166,"column":22},"end":{"line":166,"column":40}},"loc":{"start":{"line":175,"column":3},"end":{"line":178,"column":null}},"line":175},"8":{"name":"updateCatalogItem","decl":{"start":{"line":181,"column":22},"end":{"line":181,"column":40}},"loc":{"start":{"line":190,"column":3},"end":{"line":195,"column":null}},"line":190},"9":{"name":"deleteCatalogItem","decl":{"start":{"line":198,"column":22},"end":{"line":198,"column":40}},"loc":{"start":{"line":198,"column":52},"end":{"line":204,"column":null}},"line":198},"10":{"name":"deleteCatalogItems","decl":{"start":{"line":208,"column":22},"end":{"line":208,"column":41}},"loc":{"start":{"line":208,"column":148},"end":{"line":242,"column":null}},"line":208},"11":{"name":"updateSiteSettings","decl":{"start":{"line":247,"column":22},"end":{"line":247,"column":null}},"loc":{"start":{"line":257,"column":2},"end":{"line":263,"column":null}},"line":257},"12":{"name":"updateScenarioAssumptions","decl":{"start":{"line":266,"column":22},"end":{"line":266,"column":null}},"loc":{"start":{"line":272,"column":2},"end":{"line":314,"column":null}},"line":272},"13":{"name":"(anonymous_13)","decl":{"start":{"line":281,"column":51},"end":{"line":281,"column":56}},"loc":{"start":{"line":281,"column":61},"end":{"line":281,"column":90}},"line":281},"14":{"name":"(anonymous_14)","decl":{"start":{"line":298,"column":53},"end":{"line":298,"column":58}},"loc":{"start":{"line":298,"column":63},"end":{"line":298,"column":90}},"line":298},"15":{"name":"deleteScenario","decl":{"start":{"line":317,"column":22},"end":{"line":317,"column":37}},"loc":{"start":{"line":317,"column":96},"end":{"line":334,"column":null}},"line":317},"16":{"name":"deleteScenarios","decl":{"start":{"line":338,"column":22},"end":{"line":338,"column":38}},"loc":{"start":{"line":338,"column":122},"end":{"line":354,"column":null}},"line":338},"17":{"name":"exportScenario","decl":{"start":{"line":358,"column":22},"end":{"line":358,"column":37}},"loc":{"start":{"line":420,"column":3},"end":{"line":512,"column":null}},"line":420},"18":{"name":"(anonymous_18)","decl":{"start":{"line":435,"column":39},"end":{"line":435,"column":43}},"loc":{"start":{"line":435,"column":48},"end":{"line":435,"column":53}},"line":435},"19":{"name":"(anonymous_19)","decl":{"start":{"line":441,"column":53},"end":{"line":441,"column":57}},"loc":{"start":{"line":441,"column":63},"end":{"line":441,"column":80}},"line":441},"20":{"name":"(anonymous_20)","decl":{"start":{"line":459,"column":38},"end":{"line":459,"column":42}},"loc":{"start":{"line":459,"column":48},"end":{"line":475,"column":19}},"line":459},"21":{"name":"(anonymous_21)","decl":{"start":{"line":476,"column":50},"end":{"line":476,"column":54}},"loc":{"start":{"line":476,"column":60},"end":{"line":479,"column":19}},"line":476},"22":{"name":"(anonymous_22)","decl":{"start":{"line":480,"column":37},"end":{"line":480,"column":41}},"loc":{"start":{"line":480,"column":48},"end":{"line":492,"column":19}},"line":480},"23":{"name":"(anonymous_23)","decl":{"start":{"line":493,"column":43},"end":{"line":493,"column":47}},"loc":{"start":{"line":493,"column":54},"end":{"line":507,"column":null}},"line":493},"24":{"name":"exportAllScenarios","decl":{"start":{"line":516,"column":22},"end":{"line":516,"column":null}},"loc":{"start":{"line":579,"column":3},"end":{"line":659,"column":null}},"line":579},"25":{"name":"(anonymous_25)","decl":{"start":{"line":599,"column":43},"end":{"line":599,"column":47}},"loc":{"start":{"line":599,"column":54},"end":{"line":613,"column":19}},"line":599},"26":{"name":"(anonymous_26)","decl":{"start":{"line":614,"column":37},"end":{"line":614,"column":41}},"loc":{"start":{"line":614,"column":47},"end":{"line":654,"column":null}},"line":614},"27":{"name":"(anonymous_27)","decl":{"start":{"line":621,"column":35},"end":{"line":621,"column":39}},"loc":{"start":{"line":621,"column":48},"end":{"line":649,"column":23}},"line":621},"28":{"name":"(anonymous_28)","decl":{"start":{"line":637,"column":50},"end":{"line":637,"column":54}},"loc":{"start":{"line":637,"column":61},"end":{"line":648,"column":null}},"line":637},"29":{"name":"(anonymous_29)","decl":{"start":{"line":650,"column":47},"end":{"line":650,"column":51}},"loc":{"start":{"line":650,"column":57},"end":{"line":653,"column":null}},"line":650}},"branchMap":{"0":{"loc":{"start":{"line":12,"column":4},"end":{"line":12,"column":null}},"type":"if","locations":[{"start":{"line":12,"column":4},"end":{"line":12,"column":null}},{"start":{},"end":{}}],"line":12},"1":{"loc":{"start":{"line":16,"column":4},"end":{"line":97,"column":null}},"type":"if","locations":[{"start":{"line":16,"column":4},"end":{"line":97,"column":null}},{"start":{"line":60,"column":11},"end":{"line":97,"column":null}}],"line":16},"2":{"loc":{"start":{"line":26,"column":8},"end":{"line":26,"column":null}},"type":"if","locations":[{"start":{"line":26,"column":8},"end":{"line":26,"column":null}},{"start":{},"end":{}}],"line":26},"3":{"loc":{"start":{"line":31,"column":29},"end":{"line":31,"column":null}},"type":"binary-expr","locations":[{"start":{"line":31,"column":29},"end":{"line":31,"column":44}},{"start":{"line":31,"column":44},"end":{"line":31,"column":null}}],"line":31},"4":{"loc":{"start":{"line":119,"column":4},"end":{"line":120,"column":null}},"type":"if","locations":[{"start":{"line":119,"column":4},"end":{"line":120,"column":null}},{"start":{},"end":{}}],"line":119},"5":{"loc":{"start":{"line":132,"column":4},"end":{"line":133,"column":null}},"type":"if","locations":[{"start":{"line":132,"column":4},"end":{"line":133,"column":null}},{"start":{},"end":{}}],"line":132},"6":{"loc":{"start":{"line":139,"column":16},"end":{"line":139,"column":75}},"type":"binary-expr","locations":[{"start":{"line":139,"column":16},"end":{"line":139,"column":38}},{"start":{"line":139,"column":38},"end":{"line":139,"column":75}}],"line":139},"7":{"loc":{"start":{"line":140,"column":16},"end":{"line":140,"column":74}},"type":"binary-expr","locations":[{"start":{"line":140,"column":16},"end":{"line":140,"column":47}},{"start":{"line":140,"column":47},"end":{"line":140,"column":74}}],"line":140},"8":{"loc":{"start":{"line":141,"column":16},"end":{"line":141,"column":72}},"type":"binary-expr","locations":[{"start":{"line":141,"column":16},"end":{"line":141,"column":37}},{"start":{"line":141,"column":37},"end":{"line":141,"column":72}}],"line":141},"9":{"loc":{"start":{"line":142,"column":16},"end":{"line":142,"column":80}},"type":"binary-expr","locations":[{"start":{"line":142,"column":16},"end":{"line":142,"column":49}},{"start":{"line":142,"column":49},"end":{"line":142,"column":80}}],"line":142},"10":{"loc":{"start":{"line":143,"column":16},"end":{"line":143,"column":null}},"type":"binary-expr","locations":[{"start":{"line":143,"column":16},"end":{"line":143,"column":49}},{"start":{"line":143,"column":49},"end":{"line":143,"column":null}}],"line":143},"11":{"loc":{"start":{"line":148,"column":4},"end":{"line":149,"column":null}},"type":"if","locations":[{"start":{"line":148,"column":4},"end":{"line":149,"column":null}},{"start":{},"end":{}}],"line":148},"12":{"loc":{"start":{"line":155,"column":4},"end":{"line":159,"column":null}},"type":"if","locations":[{"start":{"line":155,"column":4},"end":{"line":159,"column":null}},{"start":{},"end":{}}],"line":155},"13":{"loc":{"start":{"line":158,"column":8},"end":{"line":159,"column":null}},"type":"if","locations":[{"start":{"line":158,"column":8},"end":{"line":159,"column":null}},{"start":{},"end":{}}],"line":158},"14":{"loc":{"start":{"line":220,"column":12},"end":{"line":223,"column":null}},"type":"if","locations":[{"start":{"line":220,"column":12},"end":{"line":223,"column":null}},{"start":{},"end":{}}],"line":220},"15":{"loc":{"start":{"line":226,"column":12},"end":{"line":229,"column":null}},"type":"if","locations":[{"start":{"line":226,"column":12},"end":{"line":229,"column":null}},{"start":{},"end":{}}],"line":226},"16":{"loc":{"start":{"line":278,"column":4},"end":{"line":278,"column":null}},"type":"if","locations":[{"start":{"line":278,"column":4},"end":{"line":278,"column":null}},{"start":{},"end":{}}],"line":278},"17":{"loc":{"start":{"line":282,"column":4},"end":{"line":294,"column":null}},"type":"if","locations":[{"start":{"line":282,"column":4},"end":{"line":294,"column":null}},{"start":{"line":287,"column":11},"end":{"line":294,"column":null}}],"line":282},"18":{"loc":{"start":{"line":299,"column":4},"end":{"line":311,"column":null}},"type":"if","locations":[{"start":{"line":299,"column":4},"end":{"line":311,"column":null}},{"start":{"line":304,"column":11},"end":{"line":311,"column":null}}],"line":299},"19":{"loc":{"start":{"line":323,"column":8},"end":{"line":324,"column":null}},"type":"if","locations":[{"start":{"line":323,"column":8},"end":{"line":324,"column":null}},{"start":{},"end":{}}],"line":323},"20":{"loc":{"start":{"line":344,"column":12},"end":{"line":346,"column":null}},"type":"if","locations":[{"start":{"line":344,"column":12},"end":{"line":346,"column":null}},{"start":{},"end":{}}],"line":344},"21":{"loc":{"start":{"line":430,"column":8},"end":{"line":431,"column":null}},"type":"if","locations":[{"start":{"line":430,"column":8},"end":{"line":431,"column":null}},{"start":{},"end":{}}],"line":430},"22":{"loc":{"start":{"line":442,"column":29},"end":{"line":446,"column":16}},"type":"cond-expr","locations":[{"start":{"line":443,"column":14},"end":{"line":445,"column":14}},{"start":{"line":446,"column":14},"end":{"line":446,"column":16}}],"line":442}},"s":{"0":3,"1":0,"2":0,"3":0,"4":0,"5":0,"6":0,"7":0,"8":0,"9":0,"10":0,"11":0,"12":0,"13":0,"14":0,"15":0,"16":0,"17":2,"18":2,"19":2,"20":1,"21":2,"22":2,"23":1,"24":1,"25":1,"26":1,"27":1,"28":1,"29":1,"30":1,"31":1,"32":1,"33":1,"34":1,"35":1,"36":1,"37":1,"38":1,"39":1,"40":1,"41":1,"42":0,"43":0,"44":9,"45":9,"46":9,"47":9,"48":14,"49":14,"50":14,"51":2,"52":2,"53":2,"54":12,"55":3,"56":3,"57":3,"58":9,"59":8,"60":1,"61":1,"62":1,"63":9,"64":9,"65":0,"66":0,"67":0,"68":0,"69":0,"70":0,"71":0,"72":0,"73":0,"74":0,"75":0,"76":0,"77":0,"78":0,"79":0,"80":0,"81":0,"82":0,"83":0,"84":0,"85":0,"86":0,"87":0,"88":0,"89":0,"90":0,"91":0,"92":0,"93":0,"94":0,"95":0,"96":0,"97":0,"98":0,"99":0,"100":0,"101":8,"102":8,"103":7,"104":1,"105":6,"106":6,"107":6,"108":6,"109":3,"110":6,"111":8,"112":6,"113":12,"114":3,"115":3,"116":1,"117":1,"118":10,"119":10,"120":9,"121":9,"122":7,"123":8,"124":9,"125":9,"126":8,"127":1,"128":1},"f":{"0":0,"1":0,"2":0,"3":0,"4":2,"5":2,"6":1,"7":1,"8":1,"9":1,"10":9,"11":0,"12":0,"13":0,"14":0,"15":0,"16":0,"17":8,"18":6,"19":3,"20":6,"21":12,"22":3,"23":3,"24":10,"25":7,"26":8,"27":9,"28":9,"29":8},"b":{"0":[0,0],"1":[0,0],"2":[0,0],"3":[0,0],"4":[1,1],"5":[1,1],"6":[1,0],"7":[2,1],"8":[2,0],"9":[2,0],"10":[2,0],"11":[1,0],"12":[1,0],"13":[1,0],"14":[2,12],"15":[3,9],"16":[0,0],"17":[0,0],"18":[0,0],"19":[0,0],"20":[0,0],"21":[1,6],"22":[3,3]},"meta":{"lastBranch":23,"lastFunction":30,"lastStatement":129,"seen":{"s:1:0:1:Infinity":0,"f:7:22:7:37":0,"s:8:17:8:37":1,"s:9:24:9:51":2,"s:10:24:10:51":3,"b:12:4:12:Infinity:undefined:undefined:undefined:undefined":0,"s:12:4:12:Infinity":4,"s:12:15:12:Infinity":5,"b:16:4:97:Infinity:60:11:97:Infinity":1,"s:16:4:97:Infinity":6,"s:18:23:24:10":7,"b:26:8:26:Infinity:undefined:undefined:undefined:undefined":2,"s:26:8:26:Infinity":8,"s:26:21:26:Infinity":9,"s:28:8:59:Infinity":10,"b:31:29:31:44:31:44:31:Infinity":3,"f:36:47:36:51":1,"s:36:57:36:89":11,"f:39:41:39:45":2,"s:39:51:56:23":12,"f:48:48:48:52":3,"s:48:59:54:31":13,"s:61:8:97:Infinity":14,"s:100:4:100:Infinity":15,"s:101:4:101:Infinity":16,"f:104:22:104:34":4,"s:111:4:116:Infinity":17,"s:118:17:118:72":18,"b:119:4:120:Infinity:undefined:undefined:undefined:undefined":4,"s:119:4:120:Infinity":19,"s:120:8:120:Infinity":20,"f:124:22:124:37":5,"s:131:17:131:68":21,"b:132:4:133:Infinity:undefined:undefined:undefined:undefined":5,"s:132:4:133:Infinity":22,"s:133:8:133:Infinity":23,"s:136:4:145:Infinity":24,"b:139:16:139:38:139:38:139:75":6,"b:140:16:140:47:140:47:140:74":7,"b:141:16:141:37:141:37:141:72":8,"b:142:16:142:49:142:49:142:80":9,"b:143:16:143:49:143:49:143:Infinity":10,"s:147:17:147:77":25,"b:148:4:149:Infinity:undefined:undefined:undefined:undefined":11,"s:148:4:149:Infinity":26,"s:149:8:149:Infinity":27,"f:153:22:153:37":6,"s:154:17:154:68":28,"b:155:4:159:Infinity:undefined:undefined:undefined:undefined":12,"s:155:4:159:Infinity":29,"s:156:21:156:81":30,"s:157:8:157:Infinity":31,"b:158:8:159:Infinity:undefined:undefined:undefined:undefined":13,"s:158:8:159:Infinity":32,"s:159:12:159:Infinity":33,"f:166:22:166:40":7,"s:176:4:176:Infinity":34,"s:177:4:177:Infinity":35,"s:178:4:178:Infinity":36,"f:181:22:181:40":8,"s:191:4:194:Infinity":37,"s:195:4:195:Infinity":38,"f:198:22:198:40":9,"s:199:4:204:Infinity":39,"s:200:8:200:Infinity":40,"s:201:8:201:Infinity":41,"s:203:8:203:Infinity":42,"s:204:8:204:Infinity":43,"f:208:22:208:41":10,"s:209:23:209:Infinity":44,"s:210:22:210:Infinity":45,"s:211:29:211:31":46,"s:213:4:237:Infinity":47,"s:214:8:237:Infinity":48,"s:215:25:218:14":49,"b:220:12:223:Infinity:undefined:undefined:undefined:undefined":14,"s:220:12:223:Infinity":50,"s:221:16:221:Infinity":51,"s:222:16:222:Infinity":52,"s:223:16:223:Infinity":53,"b:226:12:229:Infinity:undefined:undefined:undefined:undefined":15,"s:226:12:229:Infinity":54,"s:227:16:227:Infinity":55,"s:228:16:228:Infinity":56,"s:229:16:229:Infinity":57,"s:232:12:232:Infinity":58,"s:233:12:233:Infinity":59,"s:235:12:235:Infinity":60,"s:236:12:236:Infinity":61,"s:237:12:237:Infinity":62,"s:241:4:241:Infinity":63,"s:242:4:242:Infinity":64,"f:247:22:247:Infinity":11,"s:258:17:261:6":65,"s:263:4:263:Infinity":66,"f:266:22:266:Infinity":12,"s:273:21:276:6":67,"b:278:4:278:Infinity:undefined:undefined:undefined:undefined":16,"s:278:4:278:Infinity":68,"s:278:19:278:Infinity":69,"s:281:30:281:90":70,"f:281:51:281:56":13,"s:281:61:281:90":71,"b:282:4:294:Infinity:287:11:294:Infinity":17,"s:282:4:294:Infinity":72,"s:283:8:286:Infinity":73,"s:288:8:294:Infinity":74,"s:298:32:298:90":75,"f:298:53:298:58":14,"s:298:63:298:90":76,"b:299:4:311:Infinity:304:11:311:Infinity":18,"s:299:4:311:Infinity":77,"s:300:8:303:Infinity":78,"s:305:8:311:Infinity":79,"s:314:4:314:Infinity":80,"f:317:22:317:37":15,"s:318:4:334:Infinity":81,"s:319:25:321:10":82,"b:323:8:324:Infinity:undefined:undefined:undefined:undefined":19,"s:323:8:324:Infinity":83,"s:324:12:324:Infinity":84,"s:328:8:328:Infinity":85,"s:330:8:330:Infinity":86,"s:331:8:331:Infinity":87,"s:333:8:333:Infinity":88,"s:334:8:334:Infinity":89,"f:338:22:338:38":16,"s:339:4:354:Infinity":90,"s:340:27:340:Infinity":91,"s:342:8:346:Infinity":92,"s:343:29:343:80":93,"b:344:12:346:Infinity:undefined:undefined:undefined:undefined":20,"s:344:12:346:Infinity":94,"s:345:16:345:Infinity":95,"s:346:16:346:Infinity":96,"s:350:8:350:Infinity":97,"s:351:8:351:Infinity":98,"s:353:8:353:Infinity":99,"s:354:8:354:Infinity":100,"f:358:22:358:37":17,"s:421:4:512:Infinity":101,"s:422:25:428:10":102,"b:430:8:431:Infinity:undefined:undefined:undefined:undefined":21,"s:430:8:431:Infinity":103,"s:431:12:431:Infinity":104,"s:435:24:435:53":105,"f:435:39:435:43":18,"s:435:48:435:53":106,"s:436:26:438:10":107,"s:441:31:441:82":108,"f:441:53:441:57":19,"s:441:63:441:80":109,"s:442:29:446:16":110,"b:443:14:445:14:446:14:446:16":22,"s:448:8:509:Infinity":111,"f:459:38:459:42":20,"s:459:48:475:19":112,"f:476:50:476:54":21,"s:476:60:479:19":113,"f:480:37:480:41":22,"s:480:48:492:19":114,"f:493:43:493:47":23,"s:493:54:507:Infinity":115,"s:511:8:511:Infinity":116,"s:512:8:512:Infinity":117,"f:516:22:516:Infinity":24,"s:580:4:659:Infinity":118,"s:581:29:581:64":119,"s:582:26:592:10":120,"s:594:8:656:Infinity":121,"f:599:43:599:47":25,"s:599:54:613:19":122,"f:614:37:614:41":26,"s:614:47:654:Infinity":123,"f:621:35:621:39":27,"s:621:48:649:23":124,"f:637:50:637:54":28,"s:637:61:648:Infinity":125,"f:650:47:650:51":29,"s:650:57:653:Infinity":126,"s:658:8:658:Infinity":127,"s:659:8:659:Infinity":128},"fnNames":{}}}
,"/Users/josephbiondo/NonSync/Power Modeling Tool/lib/engine/aggregator.ts": {"path":"/Users/josephbiondo/NonSync/Power Modeling Tool/lib/engine/aggregator.ts","statementMap":{"0":{"start":{"line":58,"column":25},"end":{"line":58,"column":92}},"1":{"start":{"line":61,"column":32},"end":{"line":61,"column":null}},"2":{"start":{"line":61,"column":54},"end":{"line":61,"column":83}},"3":{"start":{"line":62,"column":30},"end":{"line":62,"column":null}},"4":{"start":{"line":62,"column":52},"end":{"line":62,"column":79}},"5":{"start":{"line":65,"column":25},"end":{"line":65,"column":null}},"6":{"start":{"line":66,"column":30},"end":{"line":66,"column":null}},"7":{"start":{"line":69,"column":30},"end":{"line":69,"column":null}},"8":{"start":{"line":70,"column":27},"end":{"line":70,"column":null}},"9":{"start":{"line":74,"column":43},"end":{"line":74,"column":null}},"10":{"start":{"line":77,"column":28},"end":{"line":77,"column":93}},"11":{"start":{"line":77,"column":53},"end":{"line":77,"column":92}},"12":{"start":{"line":80,"column":26},"end":{"line":80,"column":null}},"13":{"start":{"line":82,"column":8},"end":{"line":164,"column":null}},"14":{"start":{"line":83,"column":25},"end":{"line":83,"column":43}},"15":{"start":{"line":86,"column":12},"end":{"line":87,"column":null}},"16":{"start":{"line":87,"column":16},"end":{"line":87,"column":null}},"17":{"start":{"line":91,"column":28},"end":{"line":91,"column":null}},"18":{"start":{"line":92,"column":24},"end":{"line":92,"column":null}},"19":{"start":{"line":93,"column":53},"end":{"line":93,"column":55}},"20":{"start":{"line":94,"column":86},"end":{"line":94,"column":88}},"21":{"start":{"line":96,"column":12},"end":{"line":116,"column":null}},"22":{"start":{"line":97,"column":30},"end":{"line":97,"column":61}},"23":{"start":{"line":97,"column":45},"end":{"line":97,"column":61}},"24":{"start":{"line":98,"column":16},"end":{"line":116,"column":null}},"25":{"start":{"line":99,"column":20},"end":{"line":99,"column":null}},"26":{"start":{"line":100,"column":20},"end":{"line":100,"column":null}},"27":{"start":{"line":103,"column":20},"end":{"line":104,"column":null}},"28":{"start":{"line":104,"column":24},"end":{"line":104,"column":null}},"29":{"start":{"line":108,"column":20},"end":{"line":116,"column":null}},"30":{"start":{"line":109,"column":24},"end":{"line":110,"column":null}},"31":{"start":{"line":110,"column":28},"end":{"line":110,"column":null}},"32":{"start":{"line":112,"column":24},"end":{"line":112,"column":null}},"33":{"start":{"line":113,"column":24},"end":{"line":114,"column":null}},"34":{"start":{"line":114,"column":28},"end":{"line":114,"column":null}},"35":{"start":{"line":116,"column":24},"end":{"line":116,"column":null}},"36":{"start":{"line":122,"column":35},"end":{"line":122,"column":null}},"37":{"start":{"line":127,"column":36},"end":{"line":127,"column":null}},"38":{"start":{"line":128,"column":37},"end":{"line":128,"column":null}},"39":{"start":{"line":131,"column":41},"end":{"line":131,"column":null}},"40":{"start":{"line":134,"column":32},"end":{"line":134,"column":null}},"41":{"start":{"line":135,"column":37},"end":{"line":135,"column":null}},"42":{"start":{"line":139,"column":36},"end":{"line":139,"column":null}},"43":{"start":{"line":142,"column":31},"end":{"line":142,"column":null}},"44":{"start":{"line":143,"column":32},"end":{"line":143,"column":null}},"45":{"start":{"line":145,"column":12},"end":{"line":163,"column":null}},"46":{"start":{"line":171,"column":8},"end":{"line":178,"column":null}},"47":{"start":{"line":172,"column":12},"end":{"line":178,"column":null}},"48":{"start":{"line":181,"column":8},"end":{"line":187,"column":null}},"49":{"start":{"line":182,"column":58},"end":{"line":182,"column":75}},"50":{"start":{"line":183,"column":66},"end":{"line":183,"column":84}},"51":{"start":{"line":184,"column":55},"end":{"line":184,"column":70}},"52":{"start":{"line":185,"column":61},"end":{"line":185,"column":82}},"53":{"start":{"line":186,"column":58},"end":{"line":186,"column":81}}},"fnMap":{"0":{"name":"aggregateSite","decl":{"start":{"line":53,"column":11},"end":{"line":53,"column":null}},"loc":{"start":{"line":57,"column":24},"end":{"line":164,"column":null}},"line":57},"1":{"name":"(anonymous_1)","decl":{"start":{"line":61,"column":44},"end":{"line":61,"column":49}},"loc":{"start":{"line":61,"column":54},"end":{"line":61,"column":83}},"line":61},"2":{"name":"(anonymous_2)","decl":{"start":{"line":62,"column":42},"end":{"line":62,"column":47}},"loc":{"start":{"line":62,"column":52},"end":{"line":62,"column":79}},"line":62},"3":{"name":"(anonymous_3)","decl":{"start":{"line":77,"column":43},"end":{"line":77,"column":47}},"loc":{"start":{"line":77,"column":53},"end":{"line":77,"column":92}},"line":77},"4":{"name":"(anonymous_4)","decl":{"start":{"line":82,"column":24},"end":{"line":82,"column":29}},"loc":{"start":{"line":82,"column":40},"end":{"line":164,"column":null}},"line":82},"5":{"name":"(anonymous_5)","decl":{"start":{"line":97,"column":35},"end":{"line":97,"column":40}},"loc":{"start":{"line":97,"column":45},"end":{"line":97,"column":61}},"line":97},"6":{"name":"calculateSummary","decl":{"start":{"line":170,"column":11},"end":{"line":170,"column":28}},"loc":{"start":{"line":170,"column":59},"end":{"line":187,"column":null}},"line":170},"7":{"name":"(anonymous_7)","decl":{"start":{"line":182,"column":49},"end":{"line":182,"column":53}},"loc":{"start":{"line":182,"column":58},"end":{"line":182,"column":75}},"line":182},"8":{"name":"(anonymous_8)","decl":{"start":{"line":183,"column":57},"end":{"line":183,"column":61}},"loc":{"start":{"line":183,"column":66},"end":{"line":183,"column":84}},"line":183},"9":{"name":"(anonymous_9)","decl":{"start":{"line":184,"column":36},"end":{"line":184,"column":44}},"loc":{"start":{"line":184,"column":55},"end":{"line":184,"column":70}},"line":184},"10":{"name":"(anonymous_10)","decl":{"start":{"line":185,"column":42},"end":{"line":185,"column":50}},"loc":{"start":{"line":185,"column":61},"end":{"line":185,"column":82}},"line":185},"11":{"name":"(anonymous_11)","decl":{"start":{"line":186,"column":49},"end":{"line":186,"column":53}},"loc":{"start":{"line":186,"column":58},"end":{"line":186,"column":81}},"line":186}},"branchMap":{"0":{"loc":{"start":{"line":61,"column":32},"end":{"line":61,"column":null}},"type":"binary-expr","locations":[{"start":{"line":61,"column":32},"end":{"line":61,"column":94}},{"start":{"line":61,"column":94},"end":{"line":61,"column":null}}],"line":61},"1":{"loc":{"start":{"line":62,"column":30},"end":{"line":62,"column":null}},"type":"binary-expr","locations":[{"start":{"line":62,"column":30},"end":{"line":62,"column":90}},{"start":{"line":62,"column":90},"end":{"line":62,"column":null}}],"line":62},"2":{"loc":{"start":{"line":65,"column":25},"end":{"line":65,"column":null}},"type":"binary-expr","locations":[{"start":{"line":65,"column":25},"end":{"line":65,"column":55}},{"start":{"line":65,"column":55},"end":{"line":65,"column":null}}],"line":65},"3":{"loc":{"start":{"line":66,"column":30},"end":{"line":66,"column":null}},"type":"binary-expr","locations":[{"start":{"line":66,"column":30},"end":{"line":66,"column":52}},{"start":{"line":66,"column":52},"end":{"line":66,"column":null}}],"line":66},"4":{"loc":{"start":{"line":69,"column":30},"end":{"line":69,"column":null}},"type":"binary-expr","locations":[{"start":{"line":69,"column":30},"end":{"line":69,"column":56}},{"start":{"line":69,"column":56},"end":{"line":69,"column":null}}],"line":69},"5":{"loc":{"start":{"line":70,"column":27},"end":{"line":70,"column":null}},"type":"binary-expr","locations":[{"start":{"line":70,"column":27},"end":{"line":70,"column":53}},{"start":{"line":70,"column":53},"end":{"line":70,"column":null}}],"line":70},"6":{"loc":{"start":{"line":86,"column":12},"end":{"line":87,"column":null}},"type":"if","locations":[{"start":{"line":86,"column":12},"end":{"line":87,"column":null}},{"start":{},"end":{}}],"line":86},"7":{"loc":{"start":{"line":86,"column":16},"end":{"line":86,"column":41}},"type":"binary-expr","locations":[{"start":{"line":86,"column":16},"end":{"line":86,"column":32}},{"start":{"line":86,"column":32},"end":{"line":86,"column":41}}],"line":86},"8":{"loc":{"start":{"line":98,"column":16},"end":{"line":116,"column":null}},"type":"if","locations":[{"start":{"line":98,"column":16},"end":{"line":116,"column":null}},{"start":{},"end":{}}],"line":98},"9":{"loc":{"start":{"line":103,"column":20},"end":{"line":104,"column":null}},"type":"if","locations":[{"start":{"line":103,"column":20},"end":{"line":104,"column":null}},{"start":{},"end":{}}],"line":103},"10":{"loc":{"start":{"line":104,"column":57},"end":{"line":104,"column":95}},"type":"binary-expr","locations":[{"start":{"line":104,"column":57},"end":{"line":104,"column":90}},{"start":{"line":104,"column":90},"end":{"line":104,"column":95}}],"line":104},"11":{"loc":{"start":{"line":108,"column":20},"end":{"line":116,"column":null}},"type":"if","locations":[{"start":{"line":108,"column":20},"end":{"line":116,"column":null}},{"start":{},"end":{}}],"line":108},"12":{"loc":{"start":{"line":109,"column":24},"end":{"line":110,"column":null}},"type":"if","locations":[{"start":{"line":109,"column":24},"end":{"line":110,"column":null}},{"start":{},"end":{}}],"line":109},"13":{"loc":{"start":{"line":113,"column":24},"end":{"line":114,"column":null}},"type":"if","locations":[{"start":{"line":113,"column":24},"end":{"line":114,"column":null}},{"start":{},"end":{}}],"line":113},"14":{"loc":{"start":{"line":162,"column":34},"end":{"line":162,"column":null}},"type":"cond-expr","locations":[{"start":{"line":162,"column":77},"end":{"line":162,"column":96}},{"start":{"line":162,"column":96},"end":{"line":162,"column":null}}],"line":162},"15":{"loc":{"start":{"line":171,"column":8},"end":{"line":178,"column":null}},"type":"if","locations":[{"start":{"line":171,"column":8},"end":{"line":178,"column":null}},{"start":{},"end":{}}],"line":171},"16":{"loc":{"start":{"line":186,"column":58},"end":{"line":186,"column":81}},"type":"binary-expr","locations":[{"start":{"line":186,"column":58},"end":{"line":186,"column":79}},{"start":{"line":186,"column":79},"end":{"line":186,"column":81}}],"line":186}},"s":{"0":12,"1":12,"2":7,"3":12,"4":14,"5":12,"6":12,"7":12,"8":12,"9":12,"10":12,"11":9,"12":12,"13":12,"14":49,"15":49,"16":1,"17":49,"18":49,"19":49,"20":49,"21":49,"22":37,"23":95,"24":37,"25":37,"26":37,"27":37,"28":37,"29":37,"30":37,"31":37,"32":37,"33":37,"34":9,"35":37,"36":49,"37":49,"38":49,"39":49,"40":49,"41":49,"42":49,"43":49,"44":49,"45":49,"46":2,"47":1,"48":1,"49":4,"50":4,"51":4,"52":4,"53":4},"f":{"0":2,"1":7,"2":14,"3":9,"4":49,"5":95,"6":2,"7":4,"8":4,"9":4,"10":4,"11":4},"b":{"0":[12,5],"1":[12,5],"2":[12,0],"3":[12,0],"4":[12,0],"5":[12,0],"6":[1,48],"7":[49,13],"8":[37,0],"9":[37,0],"10":[37,37],"11":[37,0],"12":[37,0],"13":[9,28],"14":[37,12],"15":[1,1],"16":[4,1]},"meta":{"lastBranch":17,"lastFunction":12,"lastStatement":54,"seen":{"f:53:11:53:Infinity":0,"s:58:25:58:92":0,"s:61:32:61:Infinity":1,"b:61:32:61:94:61:94:61:Infinity":0,"f:61:44:61:49":1,"s:61:54:61:83":2,"s:62:30:62:Infinity":3,"b:62:30:62:90:62:90:62:Infinity":1,"f:62:42:62:47":2,"s:62:52:62:79":4,"s:65:25:65:Infinity":5,"b:65:25:65:55:65:55:65:Infinity":2,"s:66:30:66:Infinity":6,"b:66:30:66:52:66:52:66:Infinity":3,"s:69:30:69:Infinity":7,"b:69:30:69:56:69:56:69:Infinity":4,"s:70:27:70:Infinity":8,"b:70:27:70:53:70:53:70:Infinity":5,"s:74:43:74:Infinity":9,"s:77:28:77:93":10,"f:77:43:77:47":3,"s:77:53:77:92":11,"s:80:26:80:Infinity":12,"s:82:8:164:Infinity":13,"f:82:24:82:29":4,"s:83:25:83:43":14,"b:86:12:87:Infinity:undefined:undefined:undefined:undefined":6,"s:86:12:87:Infinity":15,"b:86:16:86:32:86:32:86:41":7,"s:87:16:87:Infinity":16,"s:91:28:91:Infinity":17,"s:92:24:92:Infinity":18,"s:93:53:93:55":19,"s:94:86:94:88":20,"s:96:12:116:Infinity":21,"s:97:30:97:61":22,"f:97:35:97:40":5,"s:97:45:97:61":23,"b:98:16:116:Infinity:undefined:undefined:undefined:undefined":8,"s:98:16:116:Infinity":24,"s:99:20:99:Infinity":25,"s:100:20:100:Infinity":26,"b:103:20:104:Infinity:undefined:undefined:undefined:undefined":9,"s:103:20:104:Infinity":27,"s:104:24:104:Infinity":28,"b:104:57:104:90:104:90:104:95":10,"b:108:20:116:Infinity:undefined:undefined:undefined:undefined":11,"s:108:20:116:Infinity":29,"b:109:24:110:Infinity:undefined:undefined:undefined:undefined":12,"s:109:24:110:Infinity":30,"s:110:28:110:Infinity":31,"s:112:24:112:Infinity":32,"b:113:24:114:Infinity:undefined:undefined:undefined:undefined":13,"s:113:24:114:Infinity":33,"s:114:28:114:Infinity":34,"s:116:24:116:Infinity":35,"s:122:35:122:Infinity":36,"s:127:36:127:Infinity":37,"s:128:37:128:Infinity":38,"s:131:41:131:Infinity":39,"s:134:32:134:Infinity":40,"s:135:37:135:Infinity":41,"s:139:36:139:Infinity":42,"s:142:31:142:Infinity":43,"s:143:32:143:Infinity":44,"s:145:12:163:Infinity":45,"b:162:77:162:96:162:96:162:Infinity":14,"f:170:11:170:28":6,"b:171:8:178:Infinity:undefined:undefined:undefined:undefined":15,"s:171:8:178:Infinity":46,"s:172:12:178:Infinity":47,"s:181:8:187:Infinity":48,"f:182:49:182:53":7,"s:182:58:182:75":49,"f:183:57:183:61":8,"s:183:66:183:84":50,"f:184:36:184:44":9,"s:184:55:184:70":51,"f:185:42:185:50":10,"s:185:61:185:82":52,"f:186:49:186:53":11,"s:186:58:186:81":53,"b:186:58:186:79:186:79:186:81":16},"fnNames":{}}}
,"/Users/josephbiondo/NonSync/Power Modeling Tool/lib/engine/capacity.ts": {"path":"/Users/josephbiondo/NonSync/Power Modeling Tool/lib/engine/capacity.ts","statementMap":{"0":{"start":{"line":35,"column":50},"end":{"line":35,"column":52}},"1":{"start":{"line":36,"column":29},"end":{"line":36,"column":null}},"2":{"start":{"line":37,"column":26},"end":{"line":37,"column":null}},"3":{"start":{"line":40,"column":8},"end":{"line":66,"column":null}},"4":{"start":{"line":41,"column":48},"end":{"line":41,"column":50}},"5":{"start":{"line":42,"column":27},"end":{"line":42,"column":null}},"6":{"start":{"line":44,"column":12},"end":{"line":53,"column":null}},"7":{"start":{"line":45,"column":36},"end":{"line":45,"column":null}},"8":{"start":{"line":46,"column":16},"end":{"line":48,"column":null}},"9":{"start":{"line":47,"column":20},"end":{"line":47,"column":null}},"10":{"start":{"line":48,"column":20},"end":{"line":48,"column":null}},"11":{"start":{"line":50,"column":16},"end":{"line":51,"column":null}},"12":{"start":{"line":51,"column":20},"end":{"line":51,"column":null}},"13":{"start":{"line":53,"column":16},"end":{"line":53,"column":null}},"14":{"start":{"line":56,"column":32},"end":{"line":56,"column":null}},"15":{"start":{"line":57,"column":12},"end":{"line":66,"column":null}},"16":{"start":{"line":70,"column":8},"end":{"line":92,"column":null}},"17":{"start":{"line":71,"column":48},"end":{"line":71,"column":50}},"18":{"start":{"line":72,"column":27},"end":{"line":72,"column":null}},"19":{"start":{"line":74,"column":12},"end":{"line":79,"column":null}},"20":{"start":{"line":75,"column":36},"end":{"line":75,"column":null}},"21":{"start":{"line":76,"column":16},"end":{"line":77,"column":null}},"22":{"start":{"line":77,"column":20},"end":{"line":77,"column":null}},"23":{"start":{"line":79,"column":16},"end":{"line":79,"column":null}},"24":{"start":{"line":82,"column":32},"end":{"line":82,"column":null}},"25":{"start":{"line":83,"column":12},"end":{"line":92,"column":null}},"26":{"start":{"line":96,"column":31},"end":{"line":96,"column":null}},"27":{"start":{"line":97,"column":8},"end":{"line":120,"column":null}},"28":{"start":{"line":98,"column":48},"end":{"line":98,"column":50}},"29":{"start":{"line":99,"column":27},"end":{"line":99,"column":null}},"30":{"start":{"line":101,"column":12},"end":{"line":107,"column":null}},"31":{"start":{"line":102,"column":37},"end":{"line":102,"column":null}},"32":{"start":{"line":103,"column":36},"end":{"line":103,"column":null}},"33":{"start":{"line":104,"column":16},"end":{"line":105,"column":null}},"34":{"start":{"line":105,"column":20},"end":{"line":105,"column":null}},"35":{"start":{"line":107,"column":16},"end":{"line":107,"column":null}},"36":{"start":{"line":110,"column":32},"end":{"line":110,"column":null}},"37":{"start":{"line":111,"column":12},"end":{"line":120,"column":null}},"38":{"start":{"line":124,"column":8},"end":{"line":145,"column":null}},"39":{"start":{"line":125,"column":48},"end":{"line":125,"column":50}},"40":{"start":{"line":127,"column":32},"end":{"line":127,"column":null}},"41":{"start":{"line":129,"column":12},"end":{"line":133,"column":null}},"42":{"start":{"line":131,"column":16},"end":{"line":133,"column":null}},"43":{"start":{"line":132,"column":20},"end":{"line":132,"column":null}},"44":{"start":{"line":132,"column":43},"end":{"line":132,"column":null}},"45":{"start":{"line":136,"column":12},"end":{"line":145,"column":null}},"46":{"start":{"line":149,"column":30},"end":{"line":149,"column":null}},"47":{"start":{"line":149,"column":54},"end":{"line":149,"column":78}},"48":{"start":{"line":150,"column":29},"end":{"line":150,"column":null}},"49":{"start":{"line":150,"column":53},"end":{"line":150,"column":76}},"50":{"start":{"line":151,"column":30},"end":{"line":151,"column":null}},"51":{"start":{"line":153,"column":8},"end":{"line":160,"column":null}},"52":{"start":{"line":173,"column":37},"end":{"line":173,"column":39}},"53":{"start":{"line":176,"column":26},"end":{"line":176,"column":84}},"54":{"start":{"line":176,"column":66},"end":{"line":176,"column":83}},"55":{"start":{"line":177,"column":8},"end":{"line":178,"column":null}},"56":{"start":{"line":178,"column":12},"end":{"line":178,"column":null}},"57":{"start":{"line":182,"column":29},"end":{"line":182,"column":93}},"58":{"start":{"line":182,"column":69},"end":{"line":182,"column":92}},"59":{"start":{"line":183,"column":8},"end":{"line":184,"column":null}},"60":{"start":{"line":184,"column":12},"end":{"line":184,"column":null}},"61":{"start":{"line":188,"column":8},"end":{"line":189,"column":null}},"62":{"start":{"line":189,"column":12},"end":{"line":189,"column":null}},"63":{"start":{"line":192,"column":8},"end":{"line":195,"column":null}},"64":{"start":{"line":203,"column":8},"end":{"line":203,"column":null}},"65":{"start":{"line":203,"column":46},"end":{"line":203,"column":null}},"66":{"start":{"line":204,"column":8},"end":{"line":204,"column":null}},"67":{"start":{"line":204,"column":45},"end":{"line":204,"column":null}},"68":{"start":{"line":205,"column":8},"end":{"line":205,"column":null}}},"fnMap":{"0":{"name":"analyzeSiteCapacity","decl":{"start":{"line":29,"column":11},"end":{"line":29,"column":null}},"loc":{"start":{"line":34,"column":26},"end":{"line":160,"column":null}},"line":34},"1":{"name":"(anonymous_1)","decl":{"start":{"line":131,"column":28},"end":{"line":131,"column":36}},"loc":{"start":{"line":131,"column":41},"end":{"line":133,"column":null}},"line":131},"2":{"name":"(anonymous_2)","decl":{"start":{"line":149,"column":42},"end":{"line":149,"column":49}},"loc":{"start":{"line":149,"column":54},"end":{"line":149,"column":78}},"line":149},"3":{"name":"(anonymous_3)","decl":{"start":{"line":150,"column":41},"end":{"line":150,"column":48}},"loc":{"start":{"line":150,"column":53},"end":{"line":150,"column":76}},"line":150},"4":{"name":"checkDeploymentCapacity","decl":{"start":{"line":166,"column":11},"end":{"line":166,"column":null}},"loc":{"start":{"line":172,"column":50},"end":{"line":195,"column":null}},"line":172},"5":{"name":"(anonymous_5)","decl":{"start":{"line":176,"column":57},"end":{"line":176,"column":61}},"loc":{"start":{"line":176,"column":66},"end":{"line":176,"column":83}},"line":176},"6":{"name":"(anonymous_6)","decl":{"start":{"line":182,"column":60},"end":{"line":182,"column":64}},"loc":{"start":{"line":182,"column":69},"end":{"line":182,"column":92}},"line":182},"7":{"name":"getStatus","decl":{"start":{"line":198,"column":19},"end":{"line":198,"column":null}},"loc":{"start":{"line":202,"column":37},"end":{"line":205,"column":null}},"line":202}},"branchMap":{"0":{"loc":{"start":{"line":32,"column":8},"end":{"line":32,"column":null}},"type":"default-arg","locations":[{"start":{"line":32,"column":35},"end":{"line":32,"column":null}}],"line":32},"1":{"loc":{"start":{"line":33,"column":8},"end":{"line":33,"column":null}},"type":"default-arg","locations":[{"start":{"line":33,"column":36},"end":{"line":33,"column":null}}],"line":33},"2":{"loc":{"start":{"line":37,"column":26},"end":{"line":37,"column":null}},"type":"binary-expr","locations":[{"start":{"line":37,"column":26},"end":{"line":37,"column":53}},{"start":{"line":37,"column":53},"end":{"line":37,"column":null}}],"line":37},"3":{"loc":{"start":{"line":40,"column":8},"end":{"line":66,"column":null}},"type":"if","locations":[{"start":{"line":40,"column":8},"end":{"line":66,"column":null}},{"start":{},"end":{}}],"line":40},"4":{"loc":{"start":{"line":46,"column":16},"end":{"line":48,"column":null}},"type":"if","locations":[{"start":{"line":46,"column":16},"end":{"line":48,"column":null}},{"start":{},"end":{}}],"line":46},"5":{"loc":{"start":{"line":50,"column":16},"end":{"line":51,"column":null}},"type":"if","locations":[{"start":{"line":50,"column":16},"end":{"line":51,"column":null}},{"start":{},"end":{}}],"line":50},"6":{"loc":{"start":{"line":70,"column":8},"end":{"line":92,"column":null}},"type":"if","locations":[{"start":{"line":70,"column":8},"end":{"line":92,"column":null}},{"start":{},"end":{}}],"line":70},"7":{"loc":{"start":{"line":76,"column":16},"end":{"line":77,"column":null}},"type":"if","locations":[{"start":{"line":76,"column":16},"end":{"line":77,"column":null}},{"start":{},"end":{}}],"line":76},"8":{"loc":{"start":{"line":97,"column":8},"end":{"line":120,"column":null}},"type":"if","locations":[{"start":{"line":97,"column":8},"end":{"line":120,"column":null}},{"start":{},"end":{}}],"line":97},"9":{"loc":{"start":{"line":104,"column":16},"end":{"line":105,"column":null}},"type":"if","locations":[{"start":{"line":104,"column":16},"end":{"line":105,"column":null}},{"start":{},"end":{}}],"line":104},"10":{"loc":{"start":{"line":124,"column":8},"end":{"line":145,"column":null}},"type":"if","locations":[{"start":{"line":124,"column":8},"end":{"line":145,"column":null}},{"start":{},"end":{}}],"line":124},"11":{"loc":{"start":{"line":129,"column":12},"end":{"line":133,"column":null}},"type":"if","locations":[{"start":{"line":129,"column":12},"end":{"line":133,"column":null}},{"start":{},"end":{}}],"line":129},"12":{"loc":{"start":{"line":132,"column":20},"end":{"line":132,"column":null}},"type":"if","locations":[{"start":{"line":132,"column":20},"end":{"line":132,"column":null}},{"start":{},"end":{}}],"line":132},"13":{"loc":{"start":{"line":151,"column":30},"end":{"line":151,"column":null}},"type":"cond-expr","locations":[{"start":{"line":151,"column":50},"end":{"line":151,"column":63}},{"start":{"line":151,"column":63},"end":{"line":151,"column":null}}],"line":151},"14":{"loc":{"start":{"line":151,"column":63},"end":{"line":151,"column":null}},"type":"cond-expr","locations":[{"start":{"line":151,"column":82},"end":{"line":151,"column":94}},{"start":{"line":151,"column":94},"end":{"line":151,"column":null}}],"line":151},"15":{"loc":{"start":{"line":177,"column":8},"end":{"line":178,"column":null}},"type":"if","locations":[{"start":{"line":177,"column":8},"end":{"line":178,"column":null}},{"start":{},"end":{}}],"line":177},"16":{"loc":{"start":{"line":177,"column":12},"end":{"line":177,"column":91}},"type":"binary-expr","locations":[{"start":{"line":177,"column":12},"end":{"line":177,"column":42}},{"start":{"line":177,"column":42},"end":{"line":177,"column":91}}],"line":177},"17":{"loc":{"start":{"line":183,"column":8},"end":{"line":184,"column":null}},"type":"if","locations":[{"start":{"line":183,"column":8},"end":{"line":184,"column":null}},{"start":{},"end":{}}],"line":183},"18":{"loc":{"start":{"line":183,"column":12},"end":{"line":183,"column":107}},"type":"binary-expr","locations":[{"start":{"line":183,"column":12},"end":{"line":183,"column":45}},{"start":{"line":183,"column":45},"end":{"line":183,"column":107}}],"line":183},"19":{"loc":{"start":{"line":188,"column":8},"end":{"line":189,"column":null}},"type":"if","locations":[{"start":{"line":188,"column":8},"end":{"line":189,"column":null}},{"start":{},"end":{}}],"line":188},"20":{"loc":{"start":{"line":188,"column":12},"end":{"line":188,"column":100}},"type":"binary-expr","locations":[{"start":{"line":188,"column":12},"end":{"line":188,"column":40}},{"start":{"line":188,"column":40},"end":{"line":188,"column":100}}],"line":188},"21":{"loc":{"start":{"line":203,"column":8},"end":{"line":203,"column":null}},"type":"if","locations":[{"start":{"line":203,"column":8},"end":{"line":203,"column":null}},{"start":{},"end":{}}],"line":203},"22":{"loc":{"start":{"line":204,"column":8},"end":{"line":204,"column":null}},"type":"if","locations":[{"start":{"line":204,"column":8},"end":{"line":204,"column":null}},{"start":{},"end":{}}],"line":204}},"s":{"0":5,"1":5,"2":5,"3":5,"4":5,"5":5,"6":5,"7":11,"8":11,"9":5,"10":5,"11":11,"12":1,"13":11,"14":5,"15":5,"16":5,"17":5,"18":5,"19":5,"20":11,"21":11,"22":0,"23":11,"24":5,"25":5,"26":5,"27":5,"28":3,"29":3,"30":3,"31":3,"32":3,"33":3,"34":0,"35":3,"36":3,"37":3,"38":5,"39":3,"40":3,"41":3,"42":0,"43":0,"44":0,"45":3,"46":5,"47":16,"48":5,"49":16,"50":5,"51":5,"52":2,"53":2,"54":2,"55":2,"56":1,"57":2,"58":2,"59":2,"60":0,"61":2,"62":0,"63":2,"64":16,"65":1,"66":15,"67":1,"68":14},"f":{"0":1,"1":0,"2":16,"3":16,"4":1,"5":2,"6":2,"7":1},"b":{"0":[5],"1":[5],"2":[5,0],"3":[5,0],"4":[5,6],"5":[1,10],"6":[5,0],"7":[0,11],"8":[3,2],"9":[0,3],"10":[3,2],"11":[0,3],"12":[0,0],"13":[1,4],"14":[1,3],"15":[1,1],"16":[2,2],"17":[0,2],"18":[2,2],"19":[0,2],"20":[2,2],"21":[1,15],"22":[1,14]},"meta":{"lastBranch":23,"lastFunction":8,"lastStatement":69,"seen":{"f:29:11:29:Infinity":0,"b:32:35:32:Infinity":0,"b:33:36:33:Infinity":1,"s:35:50:35:52":0,"s:36:29:36:Infinity":1,"s:37:26:37:Infinity":2,"b:37:26:37:53:37:53:37:Infinity":2,"b:40:8:66:Infinity:undefined:undefined:undefined:undefined":3,"s:40:8:66:Infinity":3,"s:41:48:41:50":4,"s:42:27:42:Infinity":5,"s:44:12:53:Infinity":6,"s:45:36:45:Infinity":7,"b:46:16:48:Infinity:undefined:undefined:undefined:undefined":4,"s:46:16:48:Infinity":8,"s:47:20:47:Infinity":9,"s:48:20:48:Infinity":10,"b:50:16:51:Infinity:undefined:undefined:undefined:undefined":5,"s:50:16:51:Infinity":11,"s:51:20:51:Infinity":12,"s:53:16:53:Infinity":13,"s:56:32:56:Infinity":14,"s:57:12:66:Infinity":15,"b:70:8:92:Infinity:undefined:undefined:undefined:undefined":6,"s:70:8:92:Infinity":16,"s:71:48:71:50":17,"s:72:27:72:Infinity":18,"s:74:12:79:Infinity":19,"s:75:36:75:Infinity":20,"b:76:16:77:Infinity:undefined:undefined:undefined:undefined":7,"s:76:16:77:Infinity":21,"s:77:20:77:Infinity":22,"s:79:16:79:Infinity":23,"s:82:32:82:Infinity":24,"s:83:12:92:Infinity":25,"s:96:31:96:Infinity":26,"b:97:8:120:Infinity:undefined:undefined:undefined:undefined":8,"s:97:8:120:Infinity":27,"s:98:48:98:50":28,"s:99:27:99:Infinity":29,"s:101:12:107:Infinity":30,"s:102:37:102:Infinity":31,"s:103:36:103:Infinity":32,"b:104:16:105:Infinity:undefined:undefined:undefined:undefined":9,"s:104:16:105:Infinity":33,"s:105:20:105:Infinity":34,"s:107:16:107:Infinity":35,"s:110:32:110:Infinity":36,"s:111:12:120:Infinity":37,"b:124:8:145:Infinity:undefined:undefined:undefined:undefined":10,"s:124:8:145:Infinity":38,"s:125:48:125:50":39,"s:127:32:127:Infinity":40,"b:129:12:133:Infinity:undefined:undefined:undefined:undefined":11,"s:129:12:133:Infinity":41,"s:131:16:133:Infinity":42,"f:131:28:131:36":1,"b:132:20:132:Infinity:undefined:undefined:undefined:undefined":12,"s:132:20:132:Infinity":43,"s:132:43:132:Infinity":44,"s:136:12:145:Infinity":45,"s:149:30:149:Infinity":46,"f:149:42:149:49":2,"s:149:54:149:78":47,"s:150:29:150:Infinity":48,"f:150:41:150:48":3,"s:150:53:150:76":49,"s:151:30:151:Infinity":50,"b:151:50:151:63:151:63:151:Infinity":13,"b:151:82:151:94:151:94:151:Infinity":14,"s:153:8:160:Infinity":51,"f:166:11:166:Infinity":4,"s:173:37:173:39":52,"s:176:26:176:84":53,"f:176:57:176:61":5,"s:176:66:176:83":54,"b:177:8:178:Infinity:undefined:undefined:undefined:undefined":15,"s:177:8:178:Infinity":55,"b:177:12:177:42:177:42:177:91":16,"s:178:12:178:Infinity":56,"s:182:29:182:93":57,"f:182:60:182:64":6,"s:182:69:182:92":58,"b:183:8:184:Infinity:undefined:undefined:undefined:undefined":17,"s:183:8:184:Infinity":59,"b:183:12:183:45:183:45:183:107":18,"s:184:12:184:Infinity":60,"b:188:8:189:Infinity:undefined:undefined:undefined:undefined":19,"s:188:8:189:Infinity":61,"b:188:12:188:40:188:40:188:100":20,"s:189:12:189:Infinity":62,"s:192:8:195:Infinity":63,"f:198:19:198:Infinity":7,"b:203:8:203:Infinity:undefined:undefined:undefined:undefined":21,"s:203:8:203:Infinity":64,"s:203:46:203:Infinity":65,"b:204:8:204:Infinity:undefined:undefined:undefined:undefined":22,"s:204:8:204:Infinity":66,"s:204:45:204:Infinity":67,"s:205:8:205:Infinity":68},"fnNames":{}}}
,"/Users/josephbiondo/NonSync/Power Modeling Tool/lib/engine/project.ts": {"path":"/Users/josephbiondo/NonSync/Power Modeling Tool/lib/engine/project.ts","statementMap":{"0":{"start":{"line":32,"column":25},"end":{"line":32,"column":null}},"1":{"start":{"line":41,"column":8},"end":{"line":60,"column":null}},"2":{"start":{"line":41,"column":21},"end":{"line":41,"column":24}},"3":{"start":{"line":42,"column":25},"end":{"line":42,"column":null}},"4":{"start":{"line":43,"column":25},"end":{"line":43,"column":null}},"5":{"start":{"line":44,"column":24},"end":{"line":44,"column":null}},"6":{"start":{"line":46,"column":12},"end":{"line":54,"column":null}},"7":{"start":{"line":47,"column":16},"end":{"line":54,"column":null}},"8":{"start":{"line":57,"column":28},"end":{"line":57,"column":45}},"9":{"start":{"line":58,"column":12},"end":{"line":58,"column":null}},"10":{"start":{"line":59,"column":12},"end":{"line":59,"column":null}},"11":{"start":{"line":60,"column":12},"end":{"line":60,"column":null}},"12":{"start":{"line":63,"column":44},"end":{"line":63,"column":46}},"13":{"start":{"line":65,"column":8},"end":{"line":98,"column":null}},"14":{"start":{"line":66,"column":31},"end":{"line":68,"column":null}},"15":{"start":{"line":67,"column":28},"end":{"line":67,"column":null}},"16":{"start":{"line":71,"column":32},"end":{"line":73,"column":null}},"17":{"start":{"line":72,"column":49},"end":{"line":72,"column":59}},"18":{"start":{"line":76,"column":34},"end":{"line":79,"column":23}},"19":{"start":{"line":77,"column":27},"end":{"line":77,"column":43}},"20":{"start":{"line":78,"column":44},"end":{"line":78,"column":55}},"21":{"start":{"line":80,"column":32},"end":{"line":83,"column":23}},"22":{"start":{"line":81,"column":27},"end":{"line":81,"column":41}},"23":{"start":{"line":82,"column":44},"end":{"line":82,"column":55}},"24":{"start":{"line":85,"column":33},"end":{"line":85,"column":null}},"25":{"start":{"line":86,"column":31},"end":{"line":86,"column":null}},"26":{"start":{"line":88,"column":12},"end":{"line":98,"column":null}},"27":{"start":{"line":101,"column":8},"end":{"line":101,"column":null}},"28":{"start":{"line":116,"column":30},"end":{"line":118,"column":null}},"29":{"start":{"line":122,"column":49},"end":{"line":122,"column":null}},"30":{"start":{"line":123,"column":4},"end":{"line":132,"column":null}},"31":{"start":{"line":124,"column":31},"end":{"line":127,"column":10}},"32":{"start":{"line":128,"column":27},"end":{"line":128,"column":60}},"33":{"start":{"line":129,"column":23},"end":{"line":129,"column":67}},"34":{"start":{"line":131,"column":8},"end":{"line":132,"column":null}},"35":{"start":{"line":132,"column":12},"end":{"line":132,"column":null}},"36":{"start":{"line":137,"column":47},"end":{"line":137,"column":null}},"37":{"start":{"line":140,"column":4},"end":{"line":143,"column":null}},"38":{"start":{"line":141,"column":8},"end":{"line":141,"column":null}},"39":{"start":{"line":142,"column":15},"end":{"line":143,"column":null}},"40":{"start":{"line":143,"column":8},"end":{"line":143,"column":null}},"41":{"start":{"line":147,"column":4},"end":{"line":150,"column":null}},"42":{"start":{"line":148,"column":8},"end":{"line":148,"column":null}},"43":{"start":{"line":149,"column":15},"end":{"line":150,"column":null}},"44":{"start":{"line":150,"column":8},"end":{"line":150,"column":null}},"45":{"start":{"line":153,"column":4},"end":{"line":157,"column":null}}},"fnMap":{"0":{"name":"aggregateByProject","decl":{"start":{"line":28,"column":11},"end":{"line":28,"column":null}},"loc":{"start":{"line":31,"column":24},"end":{"line":101,"column":null}},"line":31},"1":{"name":"(anonymous_1)","decl":{"start":{"line":66,"column":52},"end":{"line":66,"column":null}},"loc":{"start":{"line":67,"column":28},"end":{"line":67,"column":null}},"line":67},"2":{"name":"(anonymous_2)","decl":{"start":{"line":72,"column":40},"end":{"line":72,"column":44}},"loc":{"start":{"line":72,"column":49},"end":{"line":72,"column":59}},"line":72},"3":{"name":"(anonymous_3)","decl":{"start":{"line":77,"column":17},"end":{"line":77,"column":21}},"loc":{"start":{"line":77,"column":27},"end":{"line":77,"column":43}},"line":77},"4":{"name":"(anonymous_4)","decl":{"start":{"line":78,"column":17},"end":{"line":78,"column":25}},"loc":{"start":{"line":78,"column":44},"end":{"line":78,"column":55}},"line":78},"5":{"name":"(anonymous_5)","decl":{"start":{"line":81,"column":17},"end":{"line":81,"column":21}},"loc":{"start":{"line":81,"column":27},"end":{"line":81,"column":41}},"line":81},"6":{"name":"(anonymous_6)","decl":{"start":{"line":82,"column":17},"end":{"line":82,"column":25}},"loc":{"start":{"line":82,"column":44},"end":{"line":82,"column":55}},"line":82},"7":{"name":"calculateProjectMetrics","decl":{"start":{"line":111,"column":16},"end":{"line":111,"column":null}},"loc":{"start":{"line":114,"column":18},"end":{"line":157,"column":null}},"line":114}},"branchMap":{"0":{"loc":{"start":{"line":44,"column":24},"end":{"line":44,"column":null}},"type":"binary-expr","locations":[{"start":{"line":44,"column":24},"end":{"line":44,"column":43}},{"start":{"line":44,"column":43},"end":{"line":44,"column":null}}],"line":44},"1":{"loc":{"start":{"line":46,"column":12},"end":{"line":54,"column":null}},"type":"if","locations":[{"start":{"line":46,"column":12},"end":{"line":54,"column":null}},{"start":{},"end":{}}],"line":46},"2":{"loc":{"start":{"line":85,"column":33},"end":{"line":85,"column":null}},"type":"cond-expr","locations":[{"start":{"line":85,"column":60},"end":{"line":85,"column":79}},{"start":{"line":85,"column":79},"end":{"line":85,"column":null}}],"line":85},"3":{"loc":{"start":{"line":86,"column":31},"end":{"line":86,"column":null}},"type":"cond-expr","locations":[{"start":{"line":86,"column":56},"end":{"line":86,"column":94}},{"start":{"line":86,"column":94},"end":{"line":86,"column":null}}],"line":86},"4":{"loc":{"start":{"line":116,"column":30},"end":{"line":118,"column":null}},"type":"cond-expr","locations":[{"start":{"line":117,"column":11},"end":{"line":117,"column":null}},{"start":{"line":118,"column":10},"end":{"line":118,"column":null}}],"line":116},"5":{"loc":{"start":{"line":116,"column":30},"end":{"line":116,"column":null}},"type":"binary-expr","locations":[{"start":{"line":116,"column":30},"end":{"line":116,"column":45}},{"start":{"line":116,"column":45},"end":{"line":116,"column":null}}],"line":116},"6":{"loc":{"start":{"line":123,"column":4},"end":{"line":132,"column":null}},"type":"if","locations":[{"start":{"line":123,"column":4},"end":{"line":132,"column":null}},{"start":{},"end":{}}],"line":123},"7":{"loc":{"start":{"line":131,"column":8},"end":{"line":132,"column":null}},"type":"if","locations":[{"start":{"line":131,"column":8},"end":{"line":132,"column":null}},{"start":{},"end":{}}],"line":131},"8":{"loc":{"start":{"line":140,"column":4},"end":{"line":143,"column":null}},"type":"if","locations":[{"start":{"line":140,"column":4},"end":{"line":143,"column":null}},{"start":{"line":142,"column":15},"end":{"line":143,"column":null}}],"line":140},"9":{"loc":{"start":{"line":142,"column":15},"end":{"line":143,"column":null}},"type":"if","locations":[{"start":{"line":142,"column":15},"end":{"line":143,"column":null}},{"start":{},"end":{}}],"line":142},"10":{"loc":{"start":{"line":147,"column":4},"end":{"line":150,"column":null}},"type":"if","locations":[{"start":{"line":147,"column":4},"end":{"line":150,"column":null}},{"start":{"line":149,"column":15},"end":{"line":150,"column":null}}],"line":147},"11":{"loc":{"start":{"line":147,"column":8},"end":{"line":147,"column":63}},"type":"binary-expr","locations":[{"start":{"line":147,"column":8},"end":{"line":147,"column":38}},{"start":{"line":147,"column":38},"end":{"line":147,"column":63}}],"line":147},"12":{"loc":{"start":{"line":149,"column":15},"end":{"line":150,"column":null}},"type":"if","locations":[{"start":{"line":149,"column":15},"end":{"line":150,"column":null}},{"start":{},"end":{}}],"line":149},"13":{"loc":{"start":{"line":149,"column":15},"end":{"line":149,"column":69}},"type":"binary-expr","locations":[{"start":{"line":149,"column":15},"end":{"line":149,"column":45}},{"start":{"line":149,"column":45},"end":{"line":149,"column":69}}],"line":149},"14":{"loc":{"start":{"line":150,"column":20},"end":{"line":150,"column":null}},"type":"cond-expr","locations":[{"start":{"line":150,"column":43},"end":{"line":150,"column":52}},{"start":{"line":150,"column":52},"end":{"line":150,"column":null}}],"line":150}},"s":{"0":2,"1":2,"2":2,"3":4,"4":4,"5":4,"6":4,"7":3,"8":4,"9":4,"10":4,"11":4,"12":2,"13":2,"14":3,"15":4,"16":3,"17":4,"18":3,"19":4,"20":4,"21":3,"22":4,"23":4,"24":3,"25":3,"26":3,"27":2,"28":0,"29":0,"30":0,"31":0,"32":0,"33":0,"34":0,"35":0,"36":0,"37":0,"38":0,"39":0,"40":0,"41":0,"42":0,"43":0,"44":0,"45":0},"f":{"0":1,"1":4,"2":4,"3":4,"4":4,"5":4,"6":4,"7":0},"b":{"0":[4,1],"1":[3,1],"2":[3,0],"3":[3,0],"4":[0,0],"5":[0,0],"6":[0,0],"7":[0,0],"8":[0,0],"9":[0,0],"10":[0,0],"11":[0,0],"12":[0,0],"13":[0,0],"14":[0,0]},"meta":{"lastBranch":15,"lastFunction":8,"lastStatement":46,"seen":{"f:28:11:28:Infinity":0,"s:32:25:32:Infinity":0,"s:41:8:60:Infinity":1,"s:41:21:41:24":2,"s:42:25:42:Infinity":3,"s:43:25:43:Infinity":4,"s:44:24:44:Infinity":5,"b:44:24:44:43:44:43:44:Infinity":0,"b:46:12:54:Infinity:undefined:undefined:undefined:undefined":1,"s:46:12:54:Infinity":6,"s:47:16:54:Infinity":7,"s:57:28:57:45":8,"s:58:12:58:Infinity":9,"s:59:12:59:Infinity":10,"s:60:12:60:Infinity":11,"s:63:44:63:46":12,"s:65:8:98:Infinity":13,"s:66:31:68:Infinity":14,"f:66:52:66:Infinity":1,"s:67:28:67:Infinity":15,"s:71:32:73:Infinity":16,"f:72:40:72:44":2,"s:72:49:72:59":17,"s:76:34:79:23":18,"f:77:17:77:21":3,"s:77:27:77:43":19,"f:78:17:78:25":4,"s:78:44:78:55":20,"s:80:32:83:23":21,"f:81:17:81:21":5,"s:81:27:81:41":22,"f:82:17:82:25":6,"s:82:44:82:55":23,"s:85:33:85:Infinity":24,"b:85:60:85:79:85:79:85:Infinity":2,"s:86:31:86:Infinity":25,"b:86:56:86:94:86:94:86:Infinity":3,"s:88:12:98:Infinity":26,"s:101:8:101:Infinity":27,"f:111:16:111:Infinity":7,"s:116:30:118:Infinity":28,"b:117:11:117:Infinity:118:10:118:Infinity":4,"b:116:30:116:45:116:45:116:Infinity":5,"s:122:49:122:Infinity":29,"b:123:4:132:Infinity:undefined:undefined:undefined:undefined":6,"s:123:4:132:Infinity":30,"s:124:31:127:10":31,"s:128:27:128:60":32,"s:129:23:129:67":33,"b:131:8:132:Infinity:undefined:undefined:undefined:undefined":7,"s:131:8:132:Infinity":34,"s:132:12:132:Infinity":35,"s:137:47:137:Infinity":36,"b:140:4:143:Infinity:142:15:143:Infinity":8,"s:140:4:143:Infinity":37,"s:141:8:141:Infinity":38,"b:142:15:143:Infinity:undefined:undefined:undefined:undefined":9,"s:142:15:143:Infinity":39,"s:143:8:143:Infinity":40,"b:147:4:150:Infinity:149:15:150:Infinity":10,"s:147:4:150:Infinity":41,"b:147:8:147:38:147:38:147:63":11,"s:148:8:148:Infinity":42,"b:149:15:150:Infinity:undefined:undefined:undefined:undefined":12,"s:149:15:150:Infinity":43,"b:149:15:149:45:149:45:149:69":13,"s:150:8:150:Infinity":44,"b:150:43:150:52:150:52:150:Infinity":14,"s:153:4:157:Infinity":45},"fnNames":{}}}
,"/Users/josephbiondo/NonSync/Power Modeling Tool/lib/engine/projector.ts": {"path":"/Users/josephbiondo/NonSync/Power Modeling Tool/lib/engine/projector.ts","statementMap":{"0":{"start":{"line":31,"column":25},"end":{"line":31,"column":92}},"1":{"start":{"line":34,"column":25},"end":{"line":34,"column":61}},"2":{"start":{"line":35,"column":23},"end":{"line":37,"column":null}},"3":{"start":{"line":39,"column":8},"end":{"line":77,"column":null}},"4":{"start":{"line":40,"column":31},"end":{"line":40,"column":51}},"5":{"start":{"line":41,"column":29},"end":{"line":41,"column":null}},"6":{"start":{"line":44,"column":40},"end":{"line":44,"column":null}},"7":{"start":{"line":47,"column":32},"end":{"line":47,"column":null}},"8":{"start":{"line":53,"column":29},"end":{"line":53,"column":null}},"9":{"start":{"line":57,"column":26},"end":{"line":57,"column":null}},"10":{"start":{"line":60,"column":25},"end":{"line":60,"column":null}},"11":{"start":{"line":63,"column":32},"end":{"line":63,"column":null}},"12":{"start":{"line":65,"column":12},"end":{"line":76,"column":null}}},"fnMap":{"0":{"name":"projectLineItem","decl":{"start":{"line":27,"column":11},"end":{"line":27,"column":null}},"loc":{"start":{"line":30,"column":24},"end":{"line":77,"column":null}},"line":30},"1":{"name":"(anonymous_1)","decl":{"start":{"line":39,"column":24},"end":{"line":39,"column":29}},"loc":{"start":{"line":39,"column":35},"end":{"line":77,"column":null}},"line":39}},"branchMap":{"0":{"loc":{"start":{"line":35,"column":23},"end":{"line":37,"column":null}},"type":"cond-expr","locations":[{"start":{"line":36,"column":14},"end":{"line":36,"column":48}},{"start":{"line":37,"column":14},"end":{"line":37,"column":null}}],"line":35},"1":{"loc":{"start":{"line":41,"column":29},"end":{"line":41,"column":null}},"type":"binary-expr","locations":[{"start":{"line":41,"column":29},"end":{"line":41,"column":55}},{"start":{"line":41,"column":55},"end":{"line":41,"column":null}}],"line":41},"2":{"loc":{"start":{"line":47,"column":32},"end":{"line":47,"column":null}},"type":"cond-expr","locations":[{"start":{"line":47,"column":43},"end":{"line":47,"column":59}},{"start":{"line":47,"column":59},"end":{"line":47,"column":null}}],"line":47},"3":{"loc":{"start":{"line":57,"column":26},"end":{"line":57,"column":null}},"type":"cond-expr","locations":[{"start":{"line":57,"column":49},"end":{"line":57,"column":90}},{"start":{"line":57,"column":90},"end":{"line":57,"column":null}}],"line":57},"4":{"loc":{"start":{"line":63,"column":47},"end":{"line":63,"column":null}},"type":"binary-expr","locations":[{"start":{"line":63,"column":47},"end":{"line":63,"column":79}},{"start":{"line":63,"column":79},"end":{"line":63,"column":null}}],"line":63},"5":{"loc":{"start":{"line":75,"column":28},"end":{"line":75,"column":null}},"type":"binary-expr","locations":[{"start":{"line":75,"column":28},"end":{"line":75,"column":47}},{"start":{"line":75,"column":47},"end":{"line":75,"column":null}}],"line":75}},"s":{"0":13,"1":13,"2":13,"3":13,"4":69,"5":69,"6":69,"7":69,"8":69,"9":69,"10":69,"11":69,"12":69},"f":{"0":2,"1":69},"b":{"0":[12,1],"1":[69,69],"2":[39,30],"3":[13,56],"4":[69,0],"5":[69,0]},"meta":{"lastBranch":6,"lastFunction":2,"lastStatement":13,"seen":{"f:27:11:27:Infinity":0,"s:31:25:31:92":0,"s:34:25:34:61":1,"s:35:23:37:Infinity":2,"b:36:14:36:48:37:14:37:Infinity":0,"s:39:8:77:Infinity":3,"f:39:24:39:29":1,"s:40:31:40:51":4,"s:41:29:41:Infinity":5,"b:41:29:41:55:41:55:41:Infinity":1,"s:44:40:44:Infinity":6,"s:47:32:47:Infinity":7,"b:47:43:47:59:47:59:47:Infinity":2,"s:53:29:53:Infinity":8,"s:57:26:57:Infinity":9,"b:57:49:57:90:57:90:57:Infinity":3,"s:60:25:60:Infinity":10,"s:63:32:63:Infinity":11,"b:63:47:63:79:63:79:63:Infinity":4,"s:65:12:76:Infinity":12,"b:75:28:75:47:75:47:75:Infinity":5},"fnNames":{}}}
,"/Users/josephbiondo/NonSync/Power Modeling Tool/lib/engine/time.ts": {"path":"/Users/josephbiondo/NonSync/Power Modeling Tool/lib/engine/time.ts","statementMap":{"0":{"start":{"line":9,"column":24},"end":{"line":9,"column":65}},"1":{"start":{"line":10,"column":22},"end":{"line":10,"column":53}},"2":{"start":{"line":11,"column":8},"end":{"line":12,"column":null}},"3":{"start":{"line":12,"column":12},"end":{"line":12,"column":null}},"4":{"start":{"line":14,"column":8},"end":{"line":17,"column":null}},"5":{"start":{"line":21,"column":8},"end":{"line":21,"column":null}},"6":{"start":{"line":25,"column":37},"end":{"line":25,"column":null}},"7":{"start":{"line":26,"column":8},"end":{"line":26,"column":null}},"8":{"start":{"line":30,"column":21},"end":{"line":30,"column":40}},"9":{"start":{"line":31,"column":19},"end":{"line":31,"column":null}},"10":{"start":{"line":32,"column":8},"end":{"line":32,"column":null}},"11":{"start":{"line":36,"column":8},"end":{"line":36,"column":null}},"12":{"start":{"line":40,"column":8},"end":{"line":40,"column":null}},"13":{"start":{"line":44,"column":21},"end":{"line":44,"column":45}},"14":{"start":{"line":45,"column":21},"end":{"line":45,"column":43}},"15":{"start":{"line":46,"column":32},"end":{"line":46,"column":34}},"16":{"start":{"line":47,"column":8},"end":{"line":48,"column":null}},"17":{"start":{"line":47,"column":21},"end":{"line":47,"column":27}},"18":{"start":{"line":48,"column":12},"end":{"line":48,"column":null}},"19":{"start":{"line":50,"column":8},"end":{"line":50,"column":null}}},"fnMap":{"0":{"name":"parse","decl":{"start":{"line":7,"column":11},"end":{"line":7,"column":17}},"loc":{"start":{"line":7,"column":46},"end":{"line":17,"column":null}},"line":7},"1":{"name":"format","decl":{"start":{"line":20,"column":11},"end":{"line":20,"column":18}},"loc":{"start":{"line":20,"column":38},"end":{"line":21,"column":null}},"line":20},"2":{"name":"toIndex","decl":{"start":{"line":24,"column":11},"end":{"line":24,"column":19}},"loc":{"start":{"line":24,"column":48},"end":{"line":26,"column":null}},"line":24},"3":{"name":"fromIndex","decl":{"start":{"line":29,"column":11},"end":{"line":29,"column":21}},"loc":{"start":{"line":29,"column":42},"end":{"line":32,"column":null}},"line":29},"4":{"name":"diff","decl":{"start":{"line":35,"column":11},"end":{"line":35,"column":16}},"loc":{"start":{"line":35,"column":48},"end":{"line":36,"column":null}},"line":35},"5":{"name":"add","decl":{"start":{"line":39,"column":11},"end":{"line":39,"column":15}},"loc":{"start":{"line":39,"column":52},"end":{"line":40,"column":null}},"line":39},"6":{"name":"generateRange","decl":{"start":{"line":43,"column":11},"end":{"line":43,"column":25}},"loc":{"start":{"line":43,"column":63},"end":{"line":50,"column":null}},"line":43}},"branchMap":{"0":{"loc":{"start":{"line":11,"column":8},"end":{"line":12,"column":null}},"type":"if","locations":[{"start":{"line":11,"column":8},"end":{"line":12,"column":null}},{"start":{},"end":{}}],"line":11},"1":{"loc":{"start":{"line":25,"column":37},"end":{"line":25,"column":null}},"type":"cond-expr","locations":[{"start":{"line":25,"column":61},"end":{"line":25,"column":79}},{"start":{"line":25,"column":82},"end":{"line":25,"column":null}}],"line":25}},"s":{"0":248,"1":248,"2":248,"3":3,"4":245,"5":149,"6":190,"7":190,"8":147,"9":147,"10":147,"11":3,"12":3,"13":32,"14":32,"15":32,"16":32,"17":32,"18":142,"19":32},"f":{"0":2,"1":2,"2":2,"3":2,"4":2,"5":2,"6":2},"b":{"0":[3,245],"1":[189,1]},"meta":{"lastBranch":2,"lastFunction":7,"lastStatement":20,"seen":{"f:7:11:7:17":0,"s:9:24:9:65":0,"s:10:22:10:53":1,"b:11:8:12:Infinity:undefined:undefined:undefined:undefined":0,"s:11:8:12:Infinity":2,"s:12:12:12:Infinity":3,"s:14:8:17:Infinity":4,"f:20:11:20:18":1,"s:21:8:21:Infinity":5,"f:24:11:24:19":2,"s:25:37:25:Infinity":6,"b:25:61:25:79:25:82:25:Infinity":1,"s:26:8:26:Infinity":7,"f:29:11:29:21":3,"s:30:21:30:40":8,"s:31:19:31:Infinity":9,"s:32:8:32:Infinity":10,"f:35:11:35:16":4,"s:36:8:36:Infinity":11,"f:39:11:39:15":5,"s:40:8:40:Infinity":12,"f:43:11:43:25":6,"s:44:21:44:45":13,"s:45:21:45:43":14,"s:46:32:46:34":15,"s:47:8:48:Infinity":16,"s:47:21:47:27":17,"s:48:12:48:Infinity":18,"s:50:8:50:Infinity":19},"fnNames":{}}}
,"/Users/josephbiondo/NonSync/Power Modeling Tool/lib/engine/timeline.ts": {"path":"/Users/josephbiondo/NonSync/Power Modeling Tool/lib/engine/timeline.ts","statementMap":{"0":{"start":{"line":33,"column":48},"end":{"line":39,"column":null}},"1":{"start":{"line":47,"column":21},"end":{"line":47,"column":70}},"2":{"start":{"line":48,"column":34},"end":{"line":48,"column":36}},"3":{"start":{"line":49,"column":26},"end":{"line":49,"column":66}},"4":{"start":{"line":51,"column":4},"end":{"line":78,"column":null}},"5":{"start":{"line":52,"column":23},"end":{"line":52,"column":59}},"6":{"start":{"line":53,"column":21},"end":{"line":55,"column":39}},"7":{"start":{"line":57,"column":41},"end":{"line":70,"column":null}},"8":{"start":{"line":72,"column":6},"end":{"line":72,"column":null}},"9":{"start":{"line":74,"column":18},"end":{"line":74,"column":null}},"10":{"start":{"line":75,"column":6},"end":{"line":76,"column":null}},"11":{"start":{"line":76,"column":8},"end":{"line":76,"column":null}},"12":{"start":{"line":78,"column":6},"end":{"line":78,"column":null}},"13":{"start":{"line":81,"column":34},"end":{"line":81,"column":36}},"14":{"start":{"line":82,"column":21},"end":{"line":82,"column":null}},"15":{"start":{"line":84,"column":4},"end":{"line":101,"column":null}},"16":{"start":{"line":85,"column":6},"end":{"line":87,"column":null}},"17":{"start":{"line":86,"column":18},"end":{"line":86,"column":87}},"18":{"start":{"line":89,"column":40},"end":{"line":89,"column":42}},"19":{"start":{"line":90,"column":6},"end":{"line":92,"column":null}},"20":{"start":{"line":91,"column":8},"end":{"line":91,"column":null}},"21":{"start":{"line":92,"column":8},"end":{"line":92,"column":null}},"22":{"start":{"line":95,"column":6},"end":{"line":99,"column":null}},"23":{"start":{"line":101,"column":6},"end":{"line":101,"column":null}},"24":{"start":{"line":104,"column":4},"end":{"line":110,"column":null}},"25":{"start":{"line":118,"column":26},"end":{"line":118,"column":null}},"26":{"start":{"line":119,"column":25},"end":{"line":119,"column":62}},"27":{"start":{"line":121,"column":18},"end":{"line":121,"column":null}},"28":{"start":{"line":122,"column":18},"end":{"line":122,"column":null}},"29":{"start":{"line":124,"column":4},"end":{"line":124,"column":null}},"30":{"start":{"line":132,"column":26},"end":{"line":132,"column":null}},"31":{"start":{"line":133,"column":25},"end":{"line":133,"column":72}},"32":{"start":{"line":134,"column":25},"end":{"line":134,"column":null}},"33":{"start":{"line":136,"column":18},"end":{"line":136,"column":null}},"34":{"start":{"line":137,"column":19},"end":{"line":137,"column":null}},"35":{"start":{"line":139,"column":4},"end":{"line":139,"column":null}}},"fnMap":{"0":{"name":"generateTimeline","decl":{"start":{"line":42,"column":9},"end":{"line":42,"column":null}},"loc":{"start":{"line":46,"column":18},"end":{"line":110,"column":null}},"line":46},"1":{"name":"(anonymous_1)","decl":{"start":{"line":85,"column":19},"end":{"line":85,"column":null}},"loc":{"start":{"line":86,"column":18},"end":{"line":86,"column":87}},"line":86},"2":{"name":"calculatePosition","decl":{"start":{"line":113,"column":9},"end":{"line":113,"column":null}},"loc":{"start":{"line":117,"column":37},"end":{"line":124,"column":null}},"line":117},"3":{"name":"calculateItemPosition","decl":{"start":{"line":127,"column":9},"end":{"line":127,"column":null}},"loc":{"start":{"line":131,"column":37},"end":{"line":139,"column":null}},"line":131}},"branchMap":{"0":{"loc":{"start":{"line":53,"column":21},"end":{"line":55,"column":39}},"type":"cond-expr","locations":[{"start":{"line":54,"column":10},"end":{"line":54,"column":44}},{"start":{"line":55,"column":10},"end":{"line":55,"column":39}}],"line":53},"1":{"loc":{"start":{"line":63,"column":20},"end":{"line":63,"column":null}},"type":"binary-expr","locations":[{"start":{"line":63,"column":20},"end":{"line":63,"column":39}},{"start":{"line":63,"column":39},"end":{"line":63,"column":null}}],"line":63},"2":{"loc":{"start":{"line":68,"column":15},"end":{"line":68,"column":null}},"type":"binary-expr","locations":[{"start":{"line":68,"column":15},"end":{"line":68,"column":61}},{"start":{"line":68,"column":61},"end":{"line":68,"column":null}}],"line":68},"3":{"loc":{"start":{"line":74,"column":18},"end":{"line":74,"column":null}},"type":"binary-expr","locations":[{"start":{"line":74,"column":18},"end":{"line":74,"column":37}},{"start":{"line":74,"column":37},"end":{"line":74,"column":null}}],"line":74},"4":{"loc":{"start":{"line":75,"column":6},"end":{"line":76,"column":null}},"type":"if","locations":[{"start":{"line":75,"column":6},"end":{"line":76,"column":null}},{"start":{},"end":{}}],"line":75}},"s":{"0":1,"1":4,"2":4,"3":4,"4":4,"5":7,"6":7,"7":7,"8":7,"9":7,"10":7,"11":5,"12":7,"13":4,"14":4,"15":4,"16":5,"17":2,"18":5,"19":5,"20":7,"21":7,"22":5,"23":5,"24":4,"25":0,"26":0,"27":0,"28":0,"29":0,"30":0,"31":0,"32":0,"33":0,"34":0,"35":0},"f":{"0":1,"1":2,"2":1,"3":1},"b":{"0":[6,1],"1":[7,1],"2":[7,0],"3":[7,0],"4":[5,2]},"meta":{"lastBranch":5,"lastFunction":4,"lastStatement":36,"seen":{"s:33:48:39:Infinity":0,"f:42:9:42:Infinity":0,"s:47:21:47:70":1,"s:48:34:48:36":2,"s:49:26:49:66":3,"s:51:4:78:Infinity":4,"s:52:23:52:59":5,"s:53:21:55:39":6,"b:54:10:54:44:55:10:55:39":0,"s:57:41:70:Infinity":7,"b:63:20:63:39:63:39:63:Infinity":1,"b:68:15:68:61:68:61:68:Infinity":2,"s:72:6:72:Infinity":8,"s:74:18:74:Infinity":9,"b:74:18:74:37:74:37:74:Infinity":3,"b:75:6:76:Infinity:undefined:undefined:undefined:undefined":4,"s:75:6:76:Infinity":10,"s:76:8:76:Infinity":11,"s:78:6:78:Infinity":12,"s:81:34:81:36":13,"s:82:21:82:Infinity":14,"s:84:4:101:Infinity":15,"s:85:6:87:Infinity":16,"f:85:19:85:Infinity":1,"s:86:18:86:87":17,"s:89:40:89:42":18,"s:90:6:92:Infinity":19,"s:91:8:91:Infinity":20,"s:92:8:92:Infinity":21,"s:95:6:99:Infinity":22,"s:101:6:101:Infinity":23,"s:104:4:110:Infinity":24,"f:113:9:113:Infinity":2,"s:118:26:118:Infinity":25,"s:119:25:119:62":26,"s:121:18:121:Infinity":27,"s:122:18:122:Infinity":28,"s:124:4:124:Infinity":29,"f:127:9:127:Infinity":3,"s:132:26:132:Infinity":30,"s:133:25:133:72":31,"s:134:25:134:Infinity":32,"s:136:18:136:Infinity":33,"s:137:19:137:Infinity":34,"s:139:4:139:Infinity":35},"fnNames":{}}}
,"/Users/josephbiondo/NonSync/Power Modeling Tool/lib/engine/whatif.ts": {"path":"/Users/josephbiondo/NonSync/Power Modeling Tool/lib/engine/whatif.ts","statementMap":{"0":{"start":{"line":59,"column":47},"end":{"line":59,"column":84}},"1":{"start":{"line":60,"column":44},"end":{"line":60,"column":87}},"2":{"start":{"line":62,"column":4},"end":{"line":78,"column":null}},"3":{"start":{"line":63,"column":6},"end":{"line":78,"column":null}},"4":{"start":{"line":65,"column":10},"end":{"line":65,"column":null}},"5":{"start":{"line":66,"column":10},"end":{"line":66,"column":null}},"6":{"start":{"line":68,"column":10},"end":{"line":68,"column":null}},"7":{"start":{"line":69,"column":10},"end":{"line":69,"column":null}},"8":{"start":{"line":71,"column":10},"end":{"line":71,"column":null}},"9":{"start":{"line":72,"column":10},"end":{"line":72,"column":null}},"10":{"start":{"line":74,"column":10},"end":{"line":74,"column":null}},"11":{"start":{"line":75,"column":10},"end":{"line":75,"column":null}},"12":{"start":{"line":77,"column":10},"end":{"line":77,"column":null}},"13":{"start":{"line":78,"column":10},"end":{"line":78,"column":null}},"14":{"start":{"line":82,"column":58},"end":{"line":82,"column":60}},"15":{"start":{"line":83,"column":102},"end":{"line":83,"column":104}},"16":{"start":{"line":85,"column":25},"end":{"line":85,"column":null}},"17":{"start":{"line":86,"column":21},"end":{"line":86,"column":null}},"18":{"start":{"line":87,"column":23},"end":{"line":87,"column":null}},"19":{"start":{"line":88,"column":41},"end":{"line":88,"column":43}},"20":{"start":{"line":90,"column":4},"end":{"line":104,"column":null}},"21":{"start":{"line":91,"column":30},"end":{"line":91,"column":91}},"22":{"start":{"line":92,"column":6},"end":{"line":92,"column":null}},"23":{"start":{"line":94,"column":23},"end":{"line":94,"column":82}},"24":{"start":{"line":95,"column":6},"end":{"line":95,"column":null}},"25":{"start":{"line":97,"column":19},"end":{"line":97,"column":76}},"26":{"start":{"line":97,"column":58},"end":{"line":97,"column":75}},"27":{"start":{"line":98,"column":6},"end":{"line":98,"column":null}},"28":{"start":{"line":99,"column":6},"end":{"line":99,"column":null}},"29":{"start":{"line":99,"column":55},"end":{"line":99,"column":70}},"30":{"start":{"line":100,"column":6},"end":{"line":100,"column":null}},"31":{"start":{"line":100,"column":57},"end":{"line":100,"column":78}},"32":{"start":{"line":102,"column":6},"end":{"line":104,"column":null}},"33":{"start":{"line":103,"column":8},"end":{"line":104,"column":null}},"34":{"start":{"line":104,"column":10},"end":{"line":104,"column":null}},"35":{"start":{"line":109,"column":28},"end":{"line":109,"column":90}},"36":{"start":{"line":111,"column":4},"end":{"line":127,"column":null}},"37":{"start":{"line":134,"column":21},"end":{"line":134,"column":null}},"38":{"start":{"line":135,"column":25},"end":{"line":135,"column":null}},"39":{"start":{"line":137,"column":4},"end":{"line":145,"column":null}},"40":{"start":{"line":138,"column":6},"end":{"line":138,"column":null}},"41":{"start":{"line":138,"column":46},"end":{"line":138,"column":null}},"42":{"start":{"line":139,"column":6},"end":{"line":139,"column":null}},"43":{"start":{"line":139,"column":38},"end":{"line":139,"column":null}},"44":{"start":{"line":141,"column":25},"end":{"line":141,"column":null}},"45":{"start":{"line":142,"column":24},"end":{"line":142,"column":null}},"46":{"start":{"line":144,"column":6},"end":{"line":144,"column":null}},"47":{"start":{"line":152,"column":17},"end":{"line":152,"column":67}},"48":{"start":{"line":152,"column":35},"end":{"line":152,"column":67}},"49":{"start":{"line":153,"column":4},"end":{"line":157,"column":null}},"50":{"start":{"line":154,"column":6},"end":{"line":157,"column":null}},"51":{"start":{"line":165,"column":4},"end":{"line":168,"column":null}},"52":{"start":{"line":166,"column":19},"end":{"line":166,"column":75}},"53":{"start":{"line":166,"column":47},"end":{"line":166,"column":75}},"54":{"start":{"line":167,"column":6},"end":{"line":168,"column":null}},"55":{"start":{"line":168,"column":8},"end":{"line":168,"column":null}},"56":{"start":{"line":177,"column":4},"end":{"line":178,"column":null}},"57":{"start":{"line":178,"column":6},"end":{"line":178,"column":null}},"58":{"start":{"line":178,"column":53},"end":{"line":178,"column":81}},"59":{"start":{"line":186,"column":21},"end":{"line":186,"column":66}},"60":{"start":{"line":186,"column":45},"end":{"line":186,"column":66}},"61":{"start":{"line":187,"column":4},"end":{"line":189,"column":null}},"62":{"start":{"line":188,"column":6},"end":{"line":188,"column":null}},"63":{"start":{"line":189,"column":6},"end":{"line":189,"column":null}},"64":{"start":{"line":191,"column":4},"end":{"line":199,"column":null}},"65":{"start":{"line":206,"column":17},"end":{"line":206,"column":58}},"66":{"start":{"line":206,"column":35},"end":{"line":206,"column":58}},"67":{"start":{"line":207,"column":4},"end":{"line":208,"column":null}},"68":{"start":{"line":208,"column":6},"end":{"line":208,"column":null}},"69":{"start":{"line":217,"column":20},"end":{"line":217,"column":null}},"70":{"start":{"line":218,"column":16},"end":{"line":218,"column":null}},"71":{"start":{"line":219,"column":18},"end":{"line":219,"column":null}},"72":{"start":{"line":221,"column":4},"end":{"line":225,"column":null}},"73":{"start":{"line":222,"column":26},"end":{"line":222,"column":79}},"74":{"start":{"line":223,"column":6},"end":{"line":223,"column":null}},"75":{"start":{"line":223,"column":54},"end":{"line":223,"column":71}},"76":{"start":{"line":224,"column":6},"end":{"line":224,"column":null}},"77":{"start":{"line":224,"column":46},"end":{"line":224,"column":61}},"78":{"start":{"line":225,"column":6},"end":{"line":225,"column":null}},"79":{"start":{"line":225,"column":48},"end":{"line":225,"column":69}},"80":{"start":{"line":228,"column":4},"end":{"line":228,"column":null}}},"fnMap":{"0":{"name":"applyChanges","decl":{"start":{"line":53,"column":9},"end":{"line":53,"column":null}},"loc":{"start":{"line":58,"column":18},"end":{"line":127,"column":null}},"line":58},"1":{"name":"(anonymous_1)","decl":{"start":{"line":97,"column":47},"end":{"line":97,"column":52}},"loc":{"start":{"line":97,"column":58},"end":{"line":97,"column":75}},"line":97},"2":{"name":"(anonymous_2)","decl":{"start":{"line":99,"column":36},"end":{"line":99,"column":44}},"loc":{"start":{"line":99,"column":55},"end":{"line":99,"column":70}},"line":99},"3":{"name":"(anonymous_3)","decl":{"start":{"line":100,"column":38},"end":{"line":100,"column":46}},"loc":{"start":{"line":100,"column":57},"end":{"line":100,"column":78}},"line":100},"4":{"name":"suggestAlternatives","decl":{"start":{"line":130,"column":9},"end":{"line":130,"column":null}},"loc":{"start":{"line":133,"column":19},"end":{"line":145,"column":null}},"line":133},"5":{"name":"(anonymous_5)","decl":{"start":{"line":137,"column":24},"end":{"line":137,"column":32}},"loc":{"start":{"line":137,"column":41},"end":{"line":145,"column":null}},"line":137},"6":{"name":"applyAddLineItem","decl":{"start":{"line":148,"column":17},"end":{"line":148,"column":null}},"loc":{"start":{"line":151,"column":10},"end":{"line":157,"column":null}},"line":151},"7":{"name":"(anonymous_7)","decl":{"start":{"line":152,"column":23},"end":{"line":152,"column":29}},"loc":{"start":{"line":152,"column":35},"end":{"line":152,"column":67}},"line":152},"8":{"name":"applyModifyLineItem","decl":{"start":{"line":161,"column":17},"end":{"line":161,"column":null}},"loc":{"start":{"line":164,"column":10},"end":{"line":168,"column":null}},"line":164},"9":{"name":"(anonymous_9)","decl":{"start":{"line":166,"column":34},"end":{"line":166,"column":40}},"loc":{"start":{"line":166,"column":47},"end":{"line":166,"column":75}},"line":166},"10":{"name":"applyRemoveLineItem","decl":{"start":{"line":173,"column":17},"end":{"line":173,"column":null}},"loc":{"start":{"line":176,"column":10},"end":{"line":178,"column":null}},"line":176},"11":{"name":"(anonymous_11)","decl":{"start":{"line":178,"column":38},"end":{"line":178,"column":46}},"loc":{"start":{"line":178,"column":53},"end":{"line":178,"column":81}},"line":178},"12":{"name":"applyModifyAssumption","decl":{"start":{"line":182,"column":17},"end":{"line":182,"column":null}},"loc":{"start":{"line":185,"column":18},"end":{"line":199,"column":null}},"line":185},"13":{"name":"(anonymous_13)","decl":{"start":{"line":186,"column":33},"end":{"line":186,"column":39}},"loc":{"start":{"line":186,"column":45},"end":{"line":186,"column":66}},"line":186},"14":{"name":"applyModifySite","decl":{"start":{"line":202,"column":17},"end":{"line":202,"column":null}},"loc":{"start":{"line":205,"column":10},"end":{"line":208,"column":null}},"line":205},"15":{"name":"(anonymous_15)","decl":{"start":{"line":206,"column":23},"end":{"line":206,"column":29}},"loc":{"start":{"line":206,"column":35},"end":{"line":206,"column":58}},"line":206},"16":{"name":"calculateBaseTotals","decl":{"start":{"line":212,"column":17},"end":{"line":212,"column":null}},"loc":{"start":{"line":216,"column":59},"end":{"line":228,"column":null}},"line":216},"17":{"name":"(anonymous_17)","decl":{"start":{"line":223,"column":43},"end":{"line":223,"column":48}},"loc":{"start":{"line":223,"column":54},"end":{"line":223,"column":71}},"line":223},"18":{"name":"(anonymous_18)","decl":{"start":{"line":224,"column":27},"end":{"line":224,"column":35}},"loc":{"start":{"line":224,"column":46},"end":{"line":224,"column":61}},"line":224},"19":{"name":"(anonymous_19)","decl":{"start":{"line":225,"column":29},"end":{"line":225,"column":37}},"loc":{"start":{"line":225,"column":48},"end":{"line":225,"column":69}},"line":225}},"branchMap":{"0":{"loc":{"start":{"line":63,"column":6},"end":{"line":78,"column":null}},"type":"switch","locations":[{"start":{"line":64,"column":8},"end":{"line":66,"column":null}},{"start":{"line":67,"column":8},"end":{"line":69,"column":null}},{"start":{"line":70,"column":8},"end":{"line":72,"column":null}},{"start":{"line":73,"column":8},"end":{"line":75,"column":null}},{"start":{"line":76,"column":8},"end":{"line":78,"column":null}}],"line":63},"1":{"loc":{"start":{"line":103,"column":8},"end":{"line":104,"column":null}},"type":"if","locations":[{"start":{"line":103,"column":8},"end":{"line":104,"column":null}},{"start":{},"end":{}}],"line":103},"2":{"loc":{"start":{"line":138,"column":6},"end":{"line":138,"column":null}},"type":"if","locations":[{"start":{"line":138,"column":6},"end":{"line":138,"column":null}},{"start":{},"end":{}}],"line":138},"3":{"loc":{"start":{"line":139,"column":6},"end":{"line":139,"column":null}},"type":"if","locations":[{"start":{"line":139,"column":6},"end":{"line":139,"column":null}},{"start":{},"end":{}}],"line":139},"4":{"loc":{"start":{"line":144,"column":13},"end":{"line":144,"column":null}},"type":"binary-expr","locations":[{"start":{"line":144,"column":13},"end":{"line":144,"column":34}},{"start":{"line":144,"column":34},"end":{"line":144,"column":55}},{"start":{"line":144,"column":55},"end":{"line":144,"column":null}}],"line":144},"5":{"loc":{"start":{"line":153,"column":4},"end":{"line":157,"column":null}},"type":"if","locations":[{"start":{"line":153,"column":4},"end":{"line":157,"column":null}},{"start":{},"end":{}}],"line":153},"6":{"loc":{"start":{"line":167,"column":6},"end":{"line":168,"column":null}},"type":"if","locations":[{"start":{"line":167,"column":6},"end":{"line":168,"column":null}},{"start":{},"end":{}}],"line":167},"7":{"loc":{"start":{"line":187,"column":4},"end":{"line":189,"column":null}},"type":"if","locations":[{"start":{"line":187,"column":4},"end":{"line":189,"column":null}},{"start":{},"end":{}}],"line":187},"8":{"loc":{"start":{"line":207,"column":4},"end":{"line":208,"column":null}},"type":"if","locations":[{"start":{"line":207,"column":4},"end":{"line":208,"column":null}},{"start":{},"end":{}}],"line":207}},"s":{"0":2,"1":2,"2":2,"3":2,"4":2,"5":2,"6":0,"7":0,"8":0,"9":0,"10":0,"11":0,"12":0,"13":0,"14":2,"15":2,"16":2,"17":2,"18":2,"19":2,"20":2,"21":2,"22":2,"23":2,"24":2,"25":2,"26":8,"27":2,"28":2,"29":8,"30":2,"31":8,"32":2,"33":4,"34":0,"35":2,"36":2,"37":1,"38":1,"39":1,"40":3,"41":1,"42":2,"43":0,"44":2,"45":2,"46":2,"47":2,"48":2,"49":2,"50":2,"51":0,"52":0,"53":0,"54":0,"55":0,"56":0,"57":0,"58":0,"59":0,"60":0,"61":0,"62":0,"63":0,"64":0,"65":0,"66":0,"67":0,"68":0,"69":2,"70":2,"71":2,"72":2,"73":2,"74":2,"75":8,"76":2,"77":8,"78":2,"79":8,"80":2},"f":{"0":1,"1":8,"2":8,"3":8,"4":1,"5":3,"6":1,"7":2,"8":1,"9":0,"10":1,"11":0,"12":1,"13":0,"14":1,"15":0,"16":1,"17":8,"18":8,"19":8},"b":{"0":[2,0,0,0,0],"1":[0,4],"2":[1,2],"3":[0,2],"4":[2,2,2],"5":[2,0],"6":[0,0],"7":[0,0],"8":[0,0]},"meta":{"lastBranch":9,"lastFunction":20,"lastStatement":81,"seen":{"f:53:9:53:Infinity":0,"s:59:47:59:84":0,"s:60:44:60:87":1,"s:62:4:78:Infinity":2,"b:64:8:66:Infinity:67:8:69:Infinity:70:8:72:Infinity:73:8:75:Infinity:76:8:78:Infinity":0,"s:63:6:78:Infinity":3,"s:65:10:65:Infinity":4,"s:66:10:66:Infinity":5,"s:68:10:68:Infinity":6,"s:69:10:69:Infinity":7,"s:71:10:71:Infinity":8,"s:72:10:72:Infinity":9,"s:74:10:74:Infinity":10,"s:75:10:75:Infinity":11,"s:77:10:77:Infinity":12,"s:78:10:78:Infinity":13,"s:82:58:82:60":14,"s:83:102:83:104":15,"s:85:25:85:Infinity":16,"s:86:21:86:Infinity":17,"s:87:23:87:Infinity":18,"s:88:41:88:43":19,"s:90:4:104:Infinity":20,"s:91:30:91:91":21,"s:92:6:92:Infinity":22,"s:94:23:94:82":23,"s:95:6:95:Infinity":24,"s:97:19:97:76":25,"f:97:47:97:52":1,"s:97:58:97:75":26,"s:98:6:98:Infinity":27,"s:99:6:99:Infinity":28,"f:99:36:99:44":2,"s:99:55:99:70":29,"s:100:6:100:Infinity":30,"f:100:38:100:46":3,"s:100:57:100:78":31,"s:102:6:104:Infinity":32,"b:103:8:104:Infinity:undefined:undefined:undefined:undefined":1,"s:103:8:104:Infinity":33,"s:104:10:104:Infinity":34,"s:109:28:109:90":35,"s:111:4:127:Infinity":36,"f:130:9:130:Infinity":4,"s:134:21:134:Infinity":37,"s:135:25:135:Infinity":38,"s:137:4:145:Infinity":39,"f:137:24:137:32":5,"b:138:6:138:Infinity:undefined:undefined:undefined:undefined":2,"s:138:6:138:Infinity":40,"s:138:46:138:Infinity":41,"b:139:6:139:Infinity:undefined:undefined:undefined:undefined":3,"s:139:6:139:Infinity":42,"s:139:38:139:Infinity":43,"s:141:25:141:Infinity":44,"s:142:24:142:Infinity":45,"s:144:6:144:Infinity":46,"b:144:13:144:34:144:34:144:55:144:55:144:Infinity":4,"f:148:17:148:Infinity":6,"s:152:17:152:67":47,"f:152:23:152:29":7,"s:152:35:152:67":48,"b:153:4:157:Infinity:undefined:undefined:undefined:undefined":5,"s:153:4:157:Infinity":49,"s:154:6:157:Infinity":50,"f:161:17:161:Infinity":8,"s:165:4:168:Infinity":51,"s:166:19:166:75":52,"f:166:34:166:40":9,"s:166:47:166:75":53,"b:167:6:168:Infinity:undefined:undefined:undefined:undefined":6,"s:167:6:168:Infinity":54,"s:168:8:168:Infinity":55,"f:173:17:173:Infinity":10,"s:177:4:178:Infinity":56,"s:178:6:178:Infinity":57,"f:178:38:178:46":11,"s:178:53:178:81":58,"f:182:17:182:Infinity":12,"s:186:21:186:66":59,"f:186:33:186:39":13,"s:186:45:186:66":60,"b:187:4:189:Infinity:undefined:undefined:undefined:undefined":7,"s:187:4:189:Infinity":61,"s:188:6:188:Infinity":62,"s:189:6:189:Infinity":63,"s:191:4:199:Infinity":64,"f:202:17:202:Infinity":14,"s:206:17:206:58":65,"f:206:23:206:29":15,"s:206:35:206:58":66,"b:207:4:208:Infinity:undefined:undefined:undefined:undefined":8,"s:207:4:208:Infinity":67,"s:208:6:208:Infinity":68,"f:212:17:212:Infinity":16,"s:217:20:217:Infinity":69,"s:218:16:218:Infinity":70,"s:219:18:219:Infinity":71,"s:221:4:225:Infinity":72,"s:222:26:222:79":73,"s:223:6:223:Infinity":74,"f:223:43:223:48":17,"s:223:54:223:71":75,"s:224:6:224:Infinity":76,"f:224:27:224:35":18,"s:224:46:224:61":77,"s:225:6:225:Infinity":78,"f:225:29:225:37":19,"s:225:48:225:69":79,"s:228:4:228:Infinity":80},"fnNames":{}}}
}
